[30-Dec-2017 21:23:48 UTC] PHP Warning:  readfile(../osta/css/themes/selected.txt): failed to open stream: No such file or directory in /var/www/vhosts/osticketawesome.com/httpdocs/2017/osta/inc/client-head.html on line 13
[31-Dec-2017 00:31:09 UTC] PHP Warning:  readfile(../osta/css/themes/selected.txt): failed to open stream: No such file or directory in /var/www/vhosts/osticketawesome.com/httpdocs/2017/osta/inc/client-head.html on line 13
[31-Dec-2017 09:07:58 UTC] PHP Warning:  readfile(../osta/css/themes/selected.txt): failed to open stream: No such file or directory in /var/www/vhosts/osticketawesome.com/httpdocs/2017/osta/inc/client-head.html on line 13
[31-Dec-2017 11:07:20 UTC] PHP Warning:  readfile(../osta/css/themes/selected.txt): failed to open stream: No such file or directory in /var/www/vhosts/osticketawesome.com/httpdocs/2017/osta/inc/client-head.html on line 13
[31-Dec-2017 11:13:47 UTC] PHP Warning:  readfile(../osta/css/themes/selected.txt): failed to open stream: No such file or directory in /var/www/vhosts/osticketawesome.com/httpdocs/2017/osta/inc/client-head.html on line 13
[31-Dec-2017 11:20:40 UTC] PHP Warning:  readfile(../osta/css/themes/selected.txt): failed to open stream: No such file or directory in /var/www/vhosts/osticketawesome.com/httpdocs/2017/osta/inc/client-head.html on line 13
[31-Dec-2017 19:15:11 UTC] PHP Warning:  readfile(../osta/css/themes/selected.txt): failed to open stream: No such file or directory in /var/www/vhosts/osticketawesome.com/httpdocs/2017/osta/inc/client-head.html on line 13
[31-Dec-2017 22:57:00 UTC] PHP Warning:  readfile(../osta/css/themes/selected.txt): failed to open stream: No such file or directory in /var/www/vhosts/osticketawesome.com/httpdocs/2017/osta/inc/client-head.html on line 13
[31-Dec-2017 22:57:01 UTC] PHP Warning:  readfile(../osta/css/themes/selected.txt): failed to open stream: No such file or directory in /var/www/vhosts/osticketawesome.com/httpdocs/2017/osta/inc/client-head.html on line 13
[31-Dec-2017 22:57:14 UTC] PHP Warning:  readfile(../osta/css/themes/selected.txt): failed to open stream: No such file or directory in /var/www/vhosts/osticketawesome.com/httpdocs/2017/osta/inc/client-head.html on line 13
[31-Dec-2017 22:57:29 UTC] PHP Warning:  readfile(../osta/css/themes/selected.txt): failed to open stream: No such file or directory in /var/www/vhosts/osticketawesome.com/httpdocs/2017/osta/inc/client-head.html on line 13
[31-Dec-2017 23:01:33 UTC] PHP Warning:  readfile(../osta/css/themes/selected.txt): failed to open stream: No such file or directory in /var/www/vhosts/osticketawesome.com/httpdocs/2017/osta/inc/client-head.html on line 13
[31-Dec-2017 23:01:57 UTC] PHP Warning:  readfile(../osta/css/themes/selected.txt): failed to open stream: No such file or directory in /var/www/vhosts/osticketawesome.com/httpdocs/2017/osta/inc/client-head.html on line 13
[31-Dec-2017 23:05:42 UTC] PHP Warning:  readfile(../osta/css/themes/selected.txt): failed to open stream: No such file or directory in /var/www/vhosts/osticketawesome.com/httpdocs/2017/osta/inc/client-head.html on line 13
[31-Dec-2017 23:06:52 UTC] PHP Warning:  readfile(../osta/css/themes/selected.txt): failed to open stream: No such file or directory in /var/www/vhosts/osticketawesome.com/httpdocs/2017/osta/inc/client-head.html on line 13
[31-Dec-2017 23:09:51 UTC] PHP Warning:  readfile(../osta/css/themes/selected.txt): failed to open stream: No such file or directory in /var/www/vhosts/osticketawesome.com/httpdocs/2017/osta/inc/client-head.html on line 13
[01-Jan-2018 01:45:15 UTC] PHP Warning:  readfile(../osta/css/themes/selected.txt): failed to open stream: No such file or directory in /var/www/vhosts/osticketawesome.com/httpdocs/2017/osta/inc/client-head.html on line 13
[01-Jan-2018 01:45:15 UTC] PHP Warning:  readfile(../osta/css/themes/selected.txt): failed to open stream: No such file or directory in /var/www/vhosts/osticketawesome.com/httpdocs/2017/osta/inc/client-head.html on line 13
[01-Jan-2018 01:48:45 UTC] PHP Warning:  mail(/var/log/php-maillog): failed to open stream: Permission denied in /var/www/vhosts/osticketawesome.com/httpdocs/2017/include/pear/Mail/mail.php on line 153
[01-Jan-2018 01:51:55 UTC] PHP Warning:  readfile(../osta/css/themes/selected.txt): failed to open stream: No such file or directory in /var/www/vhosts/osticketawesome.com/httpdocs/2017/osta/inc/client-head.html on line 13
[01-Jan-2018 01:52:10 UTC] PHP Warning:  readfile(../osta/css/themes/selected.txt): failed to open stream: No such file or directory in /var/www/vhosts/osticketawesome.com/httpdocs/2017/osta/inc/client-head.html on line 13
[01-Jan-2018 02:18:11 UTC] PHP Warning:  readfile(../osta/css/themes/selected.txt): failed to open stream: No such file or directory in /var/www/vhosts/osticketawesome.com/httpdocs/2017/osta/inc/client-head.html on line 13
[01-Jan-2018 02:18:30 UTC] PHP Warning:  readfile(../osta/css/themes/selected.txt): failed to open stream: No such file or directory in /var/www/vhosts/osticketawesome.com/httpdocs/2017/osta/inc/client-head.html on line 13
[01-Jan-2018 02:18:50 UTC] PHP Warning:  readfile(../osta/css/themes/selected.txt): failed to open stream: No such file or directory in /var/www/vhosts/osticketawesome.com/httpdocs/2017/osta/inc/client-head.html on line 13
[01-Jan-2018 02:18:57 UTC] PHP Warning:  readfile(../osta/css/themes/selected.txt): failed to open stream: No such file or directory in /var/www/vhosts/osticketawesome.com/httpdocs/2017/osta/inc/client-head.html on line 13
[01-Jan-2018 04:50:21 UTC] PHP Warning:  readfile(../osta/css/themes/selected.txt): failed to open stream: No such file or directory in /var/www/vhosts/osticketawesome.com/httpdocs/1.10.1/osta/inc/client-head.html on line 13
[01-Jan-2018 05:03:52 UTC] PHP Warning:  readfile(../osta/css/themes/selected.txt): failed to open stream: No such file or directory in /var/www/vhosts/osticketawesome.com/httpdocs/1.10.1/osta/inc/client-head.html on line 13
[01-Jan-2018 18:24:33 UTC] PHP Warning:  readfile(../osta/css/themes/selected.txt): failed to open stream: No such file or directory in /var/www/vhosts/osticketawesome.com/httpdocs/2017/osta/inc/client-head.html on line 13
[01-Jan-2018 18:24:36 UTC] PHP Warning:  readfile(../osta/css/themes/selected.txt): failed to open stream: No such file or directory in /var/www/vhosts/osticketawesome.com/httpdocs/2017/osta/inc/client-head.html on line 13
[01-Jan-2018 18:24:45 UTC] PHP Warning:  readfile(../osta/css/themes/selected.txt): failed to open stream: No such file or directory in /var/www/vhosts/osticketawesome.com/httpdocs/2017/osta/inc/client-head.html on line 13
[01-Jan-2018 18:24:46 UTC] PHP Warning:  readfile(../osta/css/themes/selected.txt): failed to open stream: No such file or directory in /var/www/vhosts/osticketawesome.com/httpdocs/2017/osta/inc/client-head.html on line 13
[01-Jan-2018 18:24:51 UTC] PHP Warning:  readfile(../osta/css/themes/selected.txt): failed to open stream: No such file or directory in /var/www/vhosts/osticketawesome.com/httpdocs/2017/osta/inc/client-head.html on line 13
[01-Jan-2018 18:26:10 UTC] PHP Warning:  readfile(../osta/css/themes/selected.txt): failed to open stream: No such file or directory in /var/www/vhosts/osticketawesome.com/httpdocs/2017/osta/inc/client-head.html on line 13
[01-Jan-2018 18:26:14 UTC] PHP Warning:  readfile(../osta/css/themes/selected.txt): failed to open stream: No such file or directory in /var/www/vhosts/osticketawesome.com/httpdocs/2017/osta/inc/client-head.html on line 13
[01-Jan-2018 18:26:40 UTC] PHP Warning:  readfile(../osta/css/themes/selected.txt): failed to open stream: No such file or directory in /var/www/vhosts/osticketawesome.com/httpdocs/2017/osta/inc/client-head.html on line 13
[01-Jan-2018 18:31:11 UTC] PHP Warning:  readfile(../osta/css/themes/selected.txt): failed to open stream: No such file or directory in /var/www/vhosts/osticketawesome.com/httpdocs/2017/osta/inc/client-head.html on line 13
[01-Jan-2018 18:31:19 UTC] PHP Warning:  readfile(../osta/css/themes/selected.txt): failed to open stream: No such file or directory in /var/www/vhosts/osticketawesome.com/httpdocs/2017/osta/inc/client-head.html on line 13
[01-Jan-2018 18:32:43 UTC] PHP Warning:  readfile(../osta/css/themes/selected.txt): failed to open stream: No such file or directory in /var/www/vhosts/osticketawesome.com/httpdocs/2017/osta/inc/client-head.html on line 13
[01-Jan-2018 18:33:04 UTC] PHP Warning:  readfile(../osta/css/themes/selected.txt): failed to open stream: No such file or directory in /var/www/vhosts/osticketawesome.com/httpdocs/2017/osta/inc/client-head.html on line 13
[01-Jan-2018 18:33:53 UTC] PHP Warning:  readfile(../osta/css/themes/selected.txt): failed to open stream: No such file or directory in /var/www/vhosts/osticketawesome.com/httpdocs/2017/osta/inc/client-head.html on line 13
[01-Jan-2018 18:33:55 UTC] PHP Warning:  readfile(../osta/css/themes/selected.txt): failed to open stream: No such file or directory in /var/www/vhosts/osticketawesome.com/httpdocs/2017/osta/inc/client-head.html on line 13
[01-Jan-2018 18:33:55 UTC] PHP Warning:  readfile(../osta/css/themes/selected.txt): failed to open stream: No such file or directory in /var/www/vhosts/osticketawesome.com/httpdocs/2017/osta/inc/client-head.html on line 13
[01-Jan-2018 18:34:04 UTC] PHP Warning:  readfile(../osta/css/themes/selected.txt): failed to open stream: No such file or directory in /var/www/vhosts/osticketawesome.com/httpdocs/2017/osta/inc/client-head.html on line 13
[01-Jan-2018 18:35:22 UTC] PHP Warning:  readfile(../osta/css/themes/selected.txt): failed to open stream: No such file or directory in /var/www/vhosts/osticketawesome.com/httpdocs/2017/osta/inc/client-head.html on line 13
[01-Jan-2018 18:35:58 UTC] PHP Warning:  readfile(../osta/css/themes/selected.txt): failed to open stream: No such file or directory in /var/www/vhosts/osticketawesome.com/httpdocs/2017/osta/inc/client-head.html on line 13
[01-Jan-2018 18:36:05 UTC] PHP Warning:  readfile(../osta/css/themes/selected.txt): failed to open stream: No such file or directory in /var/www/vhosts/osticketawesome.com/httpdocs/2017/osta/inc/client-head.html on line 13
[01-Jan-2018 18:36:16 UTC] PHP Warning:  readfile(../osta/css/themes/selected.txt): failed to open stream: No such file or directory in /var/www/vhosts/osticketawesome.com/httpdocs/2017/osta/inc/client-head.html on line 13
[01-Jan-2018 18:36:42 UTC] PHP Warning:  readfile(../osta/css/themes/selected.txt): failed to open stream: No such file or directory in /var/www/vhosts/osticketawesome.com/httpdocs/2017/osta/inc/client-head.html on line 13
[01-Jan-2018 18:36:47 UTC] PHP Warning:  readfile(../osta/css/themes/selected.txt): failed to open stream: No such file or directory in /var/www/vhosts/osticketawesome.com/httpdocs/2017/osta/inc/client-head.html on line 13
[01-Jan-2018 18:36:52 UTC] PHP Warning:  readfile(../osta/css/themes/selected.txt): failed to open stream: No such file or directory in /var/www/vhosts/osticketawesome.com/httpdocs/2017/osta/inc/client-head.html on line 13
[01-Jan-2018 18:37:03 UTC] PHP Warning:  readfile(../osta/css/themes/selected.txt): failed to open stream: No such file or directory in /var/www/vhosts/osticketawesome.com/httpdocs/2017/osta/inc/client-head.html on line 13
[01-Jan-2018 18:37:43 UTC] PHP Warning:  readfile(../osta/css/themes/selected.txt): failed to open stream: No such file or directory in /var/www/vhosts/osticketawesome.com/httpdocs/2017/osta/inc/client-head.html on line 13
[01-Jan-2018 20:52:06 UTC] PHP Warning:  readfile(../osta/css/themes/selected.txt): failed to open stream: No such file or directory in /var/www/vhosts/osticketawesome.com/httpdocs/2017/osta/inc/client-head.html on line 13
[01-Jan-2018 20:52:09 UTC] PHP Warning:  readfile(../osta/css/themes/selected.txt): failed to open stream: No such file or directory in /var/www/vhosts/osticketawesome.com/httpdocs/2017/osta/inc/client-head.html on line 13
[01-Jan-2018 21:04:28 UTC] PHP Warning:  readfile(../osta/css/themes/selected.txt): failed to open stream: No such file or directory in /var/www/vhosts/osticketawesome.com/httpdocs/2017/osta/inc/client-head.html on line 13
[01-Jan-2018 21:04:31 UTC] PHP Warning:  readfile(../osta/css/themes/selected.txt): failed to open stream: No such file or directory in /var/www/vhosts/osticketawesome.com/httpdocs/2017/osta/inc/client-head.html on line 13
[01-Jan-2018 21:36:10 UTC] PHP Warning:  readfile(../osta/css/themes/selected.txt): failed to open stream: No such file or directory in /var/www/vhosts/osticketawesome.com/httpdocs/2017/osta/inc/client-head.html on line 13
[01-Jan-2018 22:35:43 UTC] PHP Warning:  readfile(../osta/css/themes/selected.txt): failed to open stream: No such file or directory in /var/www/vhosts/osticketawesome.com/httpdocs/2017/osta/inc/client-head.html on line 13
[04-Jan-2018 20:39:48 UTC] PHP Warning:  readfile(../osta/css/themes/selected.txt): failed to open stream: No such file or directory in /var/www/vhosts/osticketawesome.com/httpdocs/2017/osta/inc/client-head.html on line 13
[04-Jan-2018 20:39:49 UTC] PHP Warning:  readfile(../osta/css/themes/selected.txt): failed to open stream: No such file or directory in /var/www/vhosts/osticketawesome.com/httpdocs/2017/osta/inc/client-head.html on line 13
[04-Jan-2018 20:39:52 UTC] PHP Warning:  readfile(../osta/css/themes/selected.txt): failed to open stream: No such file or directory in /var/www/vhosts/osticketawesome.com/httpdocs/2017/osta/inc/client-head.html on line 13
[04-Jan-2018 20:39:55 UTC] PHP Warning:  readfile(../osta/css/themes/selected.txt): failed to open stream: No such file or directory in /var/www/vhosts/osticketawesome.com/httpdocs/2017/osta/inc/client-head.html on line 13
[04-Jan-2018 20:39:58 UTC] PHP Warning:  readfile(../osta/css/themes/selected.txt): failed to open stream: No such file or directory in /var/www/vhosts/osticketawesome.com/httpdocs/2017/osta/inc/client-head.html on line 13
[04-Jan-2018 20:40:47 UTC] PHP Warning:  readfile(../osta/css/themes/selected.txt): failed to open stream: No such file or directory in /var/www/vhosts/osticketawesome.com/httpdocs/2017/osta/inc/client-head.html on line 13
[04-Jan-2018 20:43:59 UTC] PHP Warning:  readfile(../osta/css/themes/selected.txt): failed to open stream: No such file or directory in /var/www/vhosts/osticketawesome.com/httpdocs/2017/osta/inc/client-head.html on line 13
[04-Jan-2018 20:48:35 UTC] PHP Warning:  readfile(../osta/css/themes/selected.txt): failed to open stream: No such file or directory in /var/www/vhosts/osticketawesome.com/httpdocs/2017/osta/inc/client-head.html on line 13
[04-Jan-2018 20:51:14 UTC] PHP Warning:  readfile(../osta/css/themes/selected.txt): failed to open stream: No such file or directory in /var/www/vhosts/osticketawesome.com/httpdocs/2017/osta/inc/client-head.html on line 13
[04-Jan-2018 20:56:49 UTC] PHP Warning:  readfile(../osta/css/themes/selected.txt): failed to open stream: No such file or directory in /var/www/vhosts/osticketawesome.com/httpdocs/2017/osta/inc/client-head.html on line 13
[04-Jan-2018 20:57:18 UTC] PHP Warning:  readfile(../osta/css/themes/selected.txt): failed to open stream: No such file or directory in /var/www/vhosts/osticketawesome.com/httpdocs/2017/osta/inc/client-head.html on line 13
[04-Jan-2018 20:58:29 UTC] PHP Warning:  readfile(../osta/css/themes/selected.txt): failed to open stream: No such file or directory in /var/www/vhosts/osticketawesome.com/httpdocs/2017/osta/inc/client-head.html on line 13
[04-Jan-2018 20:58:36 UTC] PHP Warning:  readfile(../osta/css/themes/selected.txt): failed to open stream: No such file or directory in /var/www/vhosts/osticketawesome.com/httpdocs/2017/osta/inc/client-head.html on line 13
[04-Jan-2018 20:58:56 UTC] PHP Warning:  readfile(../osta/css/themes/selected.txt): failed to open stream: No such file or directory in /var/www/vhosts/osticketawesome.com/httpdocs/2017/osta/inc/client-head.html on line 13
[04-Jan-2018 21:01:36 UTC] PHP Warning:  readfile(../osta/css/themes/selected.txt): failed to open stream: No such file or directory in /var/www/vhosts/osticketawesome.com/httpdocs/2017/osta/inc/client-head.html on line 13
[04-Jan-2018 21:03:27 UTC] PHP Warning:  readfile(../osta/css/themes/selected.txt): failed to open stream: No such file or directory in /var/www/vhosts/osticketawesome.com/httpdocs/2017/osta/inc/client-head.html on line 13
[04-Jan-2018 21:03:55 UTC] PHP Warning:  readfile(../osta/css/themes/selected.txt): failed to open stream: No such file or directory in /var/www/vhosts/osticketawesome.com/httpdocs/2017/osta/inc/client-head.html on line 13
[04-Jan-2018 21:03:58 UTC] PHP Warning:  readfile(../osta/css/themes/selected.txt): failed to open stream: No such file or directory in /var/www/vhosts/osticketawesome.com/httpdocs/2017/osta/inc/client-head.html on line 13
[04-Jan-2018 21:04:47 UTC] PHP Warning:  readfile(../osta/css/themes/selected.txt): failed to open stream: No such file or directory in /var/www/vhosts/osticketawesome.com/httpdocs/2017/osta/inc/client-head.html on line 13
[04-Jan-2018 21:06:02 UTC] PHP Warning:  readfile(../osta/css/themes/selected.txt): failed to open stream: No such file or directory in /var/www/vhosts/osticketawesome.com/httpdocs/2017/osta/inc/client-head.html on line 13
[04-Jan-2018 21:06:06 UTC] PHP Warning:  readfile(../osta/css/themes/selected.txt): failed to open stream: No such file or directory in /var/www/vhosts/osticketawesome.com/httpdocs/2017/osta/inc/client-head.html on line 13
[04-Jan-2018 21:06:12 UTC] PHP Warning:  readfile(../osta/css/themes/selected.txt): failed to open stream: No such file or directory in /var/www/vhosts/osticketawesome.com/httpdocs/2017/osta/inc/client-head.html on line 13
[04-Jan-2018 21:06:15 UTC] PHP Warning:  readfile(../osta/css/themes/selected.txt): failed to open stream: No such file or directory in /var/www/vhosts/osticketawesome.com/httpdocs/2017/osta/inc/client-head.html on line 13
[04-Jan-2018 21:06:23 UTC] PHP Warning:  readfile(../osta/css/themes/selected.txt): failed to open stream: No such file or directory in /var/www/vhosts/osticketawesome.com/httpdocs/2017/osta/inc/client-head.html on line 13
[04-Jan-2018 21:07:44 UTC] PHP Warning:  readfile(../osta/css/themes/selected.txt): failed to open stream: No such file or directory in /var/www/vhosts/osticketawesome.com/httpdocs/2017/osta/inc/client-head.html on line 13
[04-Jan-2018 21:09:01 UTC] PHP Warning:  readfile(../osta/css/themes/selected.txt): failed to open stream: No such file or directory in /var/www/vhosts/osticketawesome.com/httpdocs/2017/osta/inc/client-head.html on line 13
[04-Jan-2018 21:09:09 UTC] PHP Warning:  readfile(../osta/css/themes/selected.txt): failed to open stream: No such file or directory in /var/www/vhosts/osticketawesome.com/httpdocs/2017/osta/inc/client-head.html on line 13
[04-Jan-2018 21:09:12 UTC] PHP Warning:  readfile(../osta/css/themes/selected.txt): failed to open stream: No such file or directory in /var/www/vhosts/osticketawesome.com/httpdocs/2017/osta/inc/client-head.html on line 13
[04-Jan-2018 21:09:23 UTC] PHP Warning:  readfile(../osta/css/themes/selected.txt): failed to open stream: No such file or directory in /var/www/vhosts/osticketawesome.com/httpdocs/2017/osta/inc/client-head.html on line 13
[04-Jan-2018 21:12:10 UTC] PHP Warning:  readfile(../osta/css/themes/selected.txt): failed to open stream: No such file or directory in /var/www/vhosts/osticketawesome.com/httpdocs/2017/osta/inc/client-head.html on line 13
[04-Jan-2018 21:12:14 UTC] PHP Warning:  readfile(../osta/css/themes/selected.txt): failed to open stream: No such file or directory in /var/www/vhosts/osticketawesome.com/httpdocs/2017/osta/inc/client-head.html on line 13
[04-Jan-2018 21:12:26 UTC] PHP Warning:  readfile(../osta/css/themes/selected.txt): failed to open stream: No such file or directory in /var/www/vhosts/osticketawesome.com/httpdocs/2017/osta/inc/client-head.html on line 13
[04-Jan-2018 21:12:31 UTC] PHP Warning:  readfile(../osta/css/themes/selected.txt): failed to open stream: No such file or directory in /var/www/vhosts/osticketawesome.com/httpdocs/2017/osta/inc/client-head.html on line 13
[04-Jan-2018 21:13:30 UTC] PHP Warning:  readfile(../osta/css/themes/selected.txt): failed to open stream: No such file or directory in /var/www/vhosts/osticketawesome.com/httpdocs/2017/osta/inc/client-head.html on line 13
[04-Jan-2018 21:13:35 UTC] PHP Warning:  readfile(../osta/css/themes/selected.txt): failed to open stream: No such file or directory in /var/www/vhosts/osticketawesome.com/httpdocs/2017/osta/inc/client-head.html on line 13
[04-Jan-2018 21:13:48 UTC] PHP Warning:  readfile(../osta/css/themes/selected.txt): failed to open stream: No such file or directory in /var/www/vhosts/osticketawesome.com/httpdocs/2017/osta/inc/client-head.html on line 13
[04-Jan-2018 21:14:50 UTC] PHP Warning:  readfile(../osta/css/themes/selected.txt): failed to open stream: No such file or directory in /var/www/vhosts/osticketawesome.com/httpdocs/2017/osta/inc/client-head.html on line 13
[04-Jan-2018 21:18:03 UTC] PHP Warning:  readfile(../osta/css/themes/selected.txt): failed to open stream: No such file or directory in /var/www/vhosts/osticketawesome.com/httpdocs/2017/osta/inc/client-head.html on line 13
[04-Jan-2018 21:22:22 UTC] PHP Warning:  readfile(../osta/css/themes/selected.txt): failed to open stream: No such file or directory in /var/www/vhosts/osticketawesome.com/httpdocs/2017/osta/inc/client-head.html on line 13
[04-Jan-2018 21:22:31 UTC] PHP Warning:  readfile(../osta/css/themes/selected.txt): failed to open stream: No such file or directory in /var/www/vhosts/osticketawesome.com/httpdocs/2017/osta/inc/client-head.html on line 13
[04-Jan-2018 21:26:14 UTC] PHP Warning:  readfile(../osta/css/themes/selected.txt): failed to open stream: No such file or directory in /var/www/vhosts/osticketawesome.com/httpdocs/2017/osta/inc/client-head.html on line 13
[04-Jan-2018 21:28:14 UTC] PHP Warning:  readfile(../osta/css/themes/selected.txt): failed to open stream: No such file or directory in /var/www/vhosts/osticketawesome.com/httpdocs/2017/osta/inc/client-head.html on line 13
[04-Jan-2018 21:28:26 UTC] PHP Warning:  readfile(../osta/css/themes/selected.txt): failed to open stream: No such file or directory in /var/www/vhosts/osticketawesome.com/httpdocs/2017/osta/inc/client-head.html on line 13
[04-Jan-2018 21:30:40 UTC] PHP Warning:  readfile(../osta/css/themes/selected.txt): failed to open stream: No such file or directory in /var/www/vhosts/osticketawesome.com/httpdocs/2017/osta/inc/client-head.html on line 13
[04-Jan-2018 21:31:47 UTC] PHP Warning:  mail(/var/log/php-maillog): failed to open stream: Permission denied in /var/www/vhosts/osticketawesome.com/httpdocs/2017/include/pear/Mail/mail.php on line 156
[04-Jan-2018 21:31:47 UTC] PHP Warning:  readfile(../osta/css/themes/selected.txt): failed to open stream: No such file or directory in /var/www/vhosts/osticketawesome.com/httpdocs/2017/osta/inc/client-head.html on line 13
[04-Jan-2018 21:36:17 UTC] PHP Warning:  mail(/var/log/php-maillog): failed to open stream: Permission denied in /var/www/vhosts/osticketawesome.com/httpdocs/2017/include/pear/Mail/mail.php on line 156
[04-Jan-2018 21:36:17 UTC] PHP Warning:  readfile(../osta/css/themes/selected.txt): failed to open stream: No such file or directory in /var/www/vhosts/osticketawesome.com/httpdocs/2017/osta/inc/client-head.html on line 13
[04-Jan-2018 23:06:28 UTC] PHP Warning:  readfile(../osta/css/themes/selected.txt): failed to open stream: No such file or directory in /var/www/vhosts/osticketawesome.com/httpdocs/2017/osta/inc/client-head.html on line 13
[04-Jan-2018 23:06:43 UTC] PHP Warning:  readfile(../osta/css/themes/selected.txt): failed to open stream: No such file or directory in /var/www/vhosts/osticketawesome.com/httpdocs/2017/osta/inc/client-head.html on line 13
[04-Jan-2018 23:06:46 UTC] PHP Warning:  readfile(../osta/css/themes/selected.txt): failed to open stream: No such file or directory in /var/www/vhosts/osticketawesome.com/httpdocs/2017/osta/inc/client-head.html on line 13
[04-Jan-2018 23:06:54 UTC] PHP Warning:  readfile(../osta/css/themes/selected.txt): failed to open stream: No such file or directory in /var/www/vhosts/osticketawesome.com/httpdocs/2017/osta/inc/client-head.html on line 13
[04-Jan-2018 23:07:03 UTC] PHP Warning:  mail(/var/log/php-maillog): failed to open stream: Permission denied in /var/www/vhosts/osticketawesome.com/httpdocs/2017/include/pear/Mail/mail.php on line 156
[04-Jan-2018 23:07:03 UTC] PHP Warning:  readfile(../osta/css/themes/selected.txt): failed to open stream: No such file or directory in /var/www/vhosts/osticketawesome.com/httpdocs/2017/osta/inc/client-head.html on line 13
[04-Jan-2018 23:08:11 UTC] PHP Warning:  mail(/var/log/php-maillog): failed to open stream: Permission denied in /var/www/vhosts/osticketawesome.com/httpdocs/2017/include/pear/Mail/mail.php on line 156
[04-Jan-2018 23:08:11 UTC] PHP Warning:  readfile(../osta/css/themes/selected.txt): failed to open stream: No such file or directory in /var/www/vhosts/osticketawesome.com/httpdocs/2017/osta/inc/client-head.html on line 13
[04-Jan-2018 23:12:33 UTC] PHP Warning:  mail(/var/log/php-maillog): failed to open stream: Permission denied in /var/www/vhosts/osticketawesome.com/httpdocs/2017/include/pear/Mail/mail.php on line 156
[04-Jan-2018 23:12:33 UTC] PHP Warning:  readfile(../osta/css/themes/selected.txt): failed to open stream: No such file or directory in /var/www/vhosts/osticketawesome.com/httpdocs/2017/osta/inc/client-head.html on line 13
[04-Jan-2018 23:12:49 UTC] PHP Warning:  mail(/var/log/php-maillog): failed to open stream: Permission denied in /var/www/vhosts/osticketawesome.com/httpdocs/2017/include/pear/Mail/mail.php on line 156
[04-Jan-2018 23:12:50 UTC] PHP Warning:  readfile(../osta/css/themes/selected.txt): failed to open stream: No such file or directory in /var/www/vhosts/osticketawesome.com/httpdocs/2017/osta/inc/client-head.html on line 13
[04-Jan-2018 23:13:58 UTC] PHP Warning:  mail(/var/log/php-maillog): failed to open stream: Permission denied in /var/www/vhosts/osticketawesome.com/httpdocs/2017/include/pear/Mail/mail.php on line 156
[04-Jan-2018 23:13:58 UTC] PHP Warning:  readfile(../osta/css/themes/selected.txt): failed to open stream: No such file or directory in /var/www/vhosts/osticketawesome.com/httpdocs/2017/osta/inc/client-head.html on line 13
[04-Jan-2018 23:14:21 UTC] PHP Warning:  mail(/var/log/php-maillog): failed to open stream: Permission denied in /var/www/vhosts/osticketawesome.com/httpdocs/2017/include/pear/Mail/mail.php on line 156
[04-Jan-2018 23:14:21 UTC] PHP Warning:  readfile(../osta/css/themes/selected.txt): failed to open stream: No such file or directory in /var/www/vhosts/osticketawesome.com/httpdocs/2017/osta/inc/client-head.html on line 13
[04-Jan-2018 23:20:05 UTC] PHP Warning:  mail(/var/log/php-maillog): failed to open stream: Permission denied in /var/www/vhosts/osticketawesome.com/httpdocs/2017/include/pear/Mail/mail.php on line 156
[04-Jan-2018 23:20:06 UTC] PHP Warning:  readfile(../osta/css/themes/selected.txt): failed to open stream: No such file or directory in /var/www/vhosts/osticketawesome.com/httpdocs/2017/osta/inc/client-head.html on line 13
[04-Jan-2018 23:28:23 UTC] PHP Warning:  mail(/var/log/php-maillog): failed to open stream: Permission denied in /var/www/vhosts/osticketawesome.com/httpdocs/2017/include/pear/Mail/mail.php on line 156
[04-Jan-2018 23:28:23 UTC] PHP Warning:  readfile(../osta/css/themes/selected.txt): failed to open stream: No such file or directory in /var/www/vhosts/osticketawesome.com/httpdocs/2017/osta/inc/client-head.html on line 13
[04-Jan-2018 23:29:13 UTC] PHP Warning:  mail(/var/log/php-maillog): failed to open stream: Permission denied in /var/www/vhosts/osticketawesome.com/httpdocs/2017/include/pear/Mail/mail.php on line 156
[04-Jan-2018 23:29:13 UTC] PHP Warning:  readfile(../osta/css/themes/selected.txt): failed to open stream: No such file or directory in /var/www/vhosts/osticketawesome.com/httpdocs/2017/osta/inc/client-head.html on line 13
[04-Jan-2018 23:30:18 UTC] PHP Warning:  readfile(../osta/css/themes/selected.txt): failed to open stream: No such file or directory in /var/www/vhosts/osticketawesome.com/httpdocs/2017/osta/inc/client-head.html on line 13
[04-Jan-2018 23:34:16 UTC] PHP Warning:  readfile(../osta/css/themes/selected.txt): failed to open stream: No such file or directory in /var/www/vhosts/osticketawesome.com/httpdocs/2017/osta/inc/client-head.html on line 13
[04-Jan-2018 23:35:51 UTC] PHP Warning:  readfile(../osta/css/themes/selected.txt): failed to open stream: No such file or directory in /var/www/vhosts/osticketawesome.com/httpdocs/2017/osta/inc/client-head.html on line 13
[04-Jan-2018 23:37:21 UTC] PHP Warning:  readfile(../osta/css/themes/selected.txt): failed to open stream: No such file or directory in /var/www/vhosts/osticketawesome.com/httpdocs/2017/osta/inc/client-head.html on line 13
[05-Jan-2018 02:50:40 UTC] PHP Warning:  readfile(../osta/css/themes/selected.txt): failed to open stream: No such file or directory in /var/www/vhosts/osticketawesome.com/httpdocs/2017/osta/inc/client-head.html on line 13
[05-Jan-2018 02:50:45 UTC] PHP Warning:  readfile(../osta/css/themes/selected.txt): failed to open stream: No such file or directory in /var/www/vhosts/osticketawesome.com/httpdocs/2017/osta/inc/client-head.html on line 13
[05-Jan-2018 02:50:49 UTC] PHP Warning:  readfile(../osta/css/themes/selected.txt): failed to open stream: No such file or directory in /var/www/vhosts/osticketawesome.com/httpdocs/2017/osta/inc/client-head.html on line 13
[05-Jan-2018 02:51:41 UTC] PHP Warning:  readfile(../osta/css/themes/selected.txt): failed to open stream: No such file or directory in /var/www/vhosts/osticketawesome.com/httpdocs/2017/osta/inc/client-head.html on line 13
[05-Jan-2018 02:52:25 UTC] PHP Warning:  mail(/var/log/php-maillog): failed to open stream: Permission denied in /var/www/vhosts/osticketawesome.com/httpdocs/2017/include/pear/Mail/mail.php on line 156
[05-Jan-2018 02:52:25 UTC] PHP Warning:  readfile(../osta/css/themes/selected.txt): failed to open stream: No such file or directory in /var/www/vhosts/osticketawesome.com/httpdocs/2017/osta/inc/client-head.html on line 13
[05-Jan-2018 02:53:07 UTC] PHP Warning:  mail(/var/log/php-maillog): failed to open stream: Permission denied in /var/www/vhosts/osticketawesome.com/httpdocs/2017/include/pear/Mail/mail.php on line 156
[05-Jan-2018 02:53:07 UTC] PHP Warning:  readfile(../osta/css/themes/selected.txt): failed to open stream: No such file or directory in /var/www/vhosts/osticketawesome.com/httpdocs/2017/osta/inc/client-head.html on line 13
[05-Jan-2018 02:55:28 UTC] PHP Warning:  mail(/var/log/php-maillog): failed to open stream: Permission denied in /var/www/vhosts/osticketawesome.com/httpdocs/2017/include/pear/Mail/mail.php on line 156
[05-Jan-2018 02:55:28 UTC] PHP Warning:  readfile(../osta/css/themes/selected.txt): failed to open stream: No such file or directory in /var/www/vhosts/osticketawesome.com/httpdocs/2017/osta/inc/client-head.html on line 13
[05-Jan-2018 02:55:56 UTC] PHP Warning:  readfile(../osta/css/themes/selected.txt): failed to open stream: No such file or directory in /var/www/vhosts/osticketawesome.com/httpdocs/2017/osta/inc/client-head.html on line 13
[05-Jan-2018 02:55:58 UTC] PHP Warning:  readfile(../osta/css/themes/selected.txt): failed to open stream: No such file or directory in /var/www/vhosts/osticketawesome.com/httpdocs/2017/osta/inc/client-head.html on line 13
[05-Jan-2018 02:56:06 UTC] PHP Warning:  readfile(../osta/css/themes/selected.txt): failed to open stream: No such file or directory in /var/www/vhosts/osticketawesome.com/httpdocs/2017/osta/inc/client-head.html on line 13
[05-Jan-2018 02:56:11 UTC] PHP Warning:  readfile(../osta/css/themes/selected.txt): failed to open stream: No such file or directory in /var/www/vhosts/osticketawesome.com/httpdocs/2017/osta/inc/client-head.html on line 13
[05-Jan-2018 02:57:52 UTC] PHP Warning:  readfile(../osta/css/themes/selected.txt): failed to open stream: No such file or directory in /var/www/vhosts/osticketawesome.com/httpdocs/2017/osta/inc/client-head.html on line 13
[05-Jan-2018 02:57:57 UTC] PHP Warning:  readfile(../osta/css/themes/selected.txt): failed to open stream: No such file or directory in /var/www/vhosts/osticketawesome.com/httpdocs/2017/osta/inc/client-head.html on line 13
[05-Jan-2018 02:58:01 UTC] PHP Warning:  readfile(../osta/css/themes/selected.txt): failed to open stream: No such file or directory in /var/www/vhosts/osticketawesome.com/httpdocs/2017/osta/inc/client-head.html on line 13
[05-Jan-2018 02:58:05 UTC] PHP Warning:  readfile(../osta/css/themes/selected.txt): failed to open stream: No such file or directory in /var/www/vhosts/osticketawesome.com/httpdocs/2017/osta/inc/client-head.html on line 13
[05-Jan-2018 02:58:10 UTC] PHP Warning:  readfile(../osta/css/themes/selected.txt): failed to open stream: No such file or directory in /var/www/vhosts/osticketawesome.com/httpdocs/2017/osta/inc/client-head.html on line 13
[05-Jan-2018 02:58:16 UTC] PHP Warning:  readfile(../osta/css/themes/selected.txt): failed to open stream: No such file or directory in /var/www/vhosts/osticketawesome.com/httpdocs/2017/osta/inc/client-head.html on line 13
[05-Jan-2018 02:58:59 UTC] PHP Warning:  readfile(../osta/css/themes/selected.txt): failed to open stream: No such file or directory in /var/www/vhosts/osticketawesome.com/httpdocs/2017/osta/inc/client-head.html on line 13
[05-Jan-2018 02:59:03 UTC] PHP Warning:  readfile(../osta/css/themes/selected.txt): failed to open stream: No such file or directory in /var/www/vhosts/osticketawesome.com/httpdocs/2017/osta/inc/client-head.html on line 13
[05-Jan-2018 02:59:38 UTC] PHP Warning:  readfile(../osta/css/themes/selected.txt): failed to open stream: No such file or directory in /var/www/vhosts/osticketawesome.com/httpdocs/2017/osta/inc/client-head.html on line 13
[05-Jan-2018 02:59:57 UTC] PHP Warning:  readfile(../osta/css/themes/selected.txt): failed to open stream: No such file or directory in /var/www/vhosts/osticketawesome.com/httpdocs/2017/osta/inc/client-head.html on line 13
[05-Jan-2018 03:00:03 UTC] PHP Warning:  readfile(../osta/css/themes/selected.txt): failed to open stream: No such file or directory in /var/www/vhosts/osticketawesome.com/httpdocs/2017/osta/inc/client-head.html on line 13
[05-Jan-2018 03:00:13 UTC] PHP Warning:  readfile(../osta/css/themes/selected.txt): failed to open stream: No such file or directory in /var/www/vhosts/osticketawesome.com/httpdocs/2017/osta/inc/client-head.html on line 13
[05-Jan-2018 03:05:29 UTC] PHP Warning:  readfile(../osta/css/themes/selected.txt): failed to open stream: No such file or directory in /var/www/vhosts/osticketawesome.com/httpdocs/2017/osta/inc/client-head.html on line 13
[05-Jan-2018 03:06:27 UTC] PHP Warning:  readfile(../osta/css/themes/selected.txt): failed to open stream: No such file or directory in /var/www/vhosts/osticketawesome.com/httpdocs/2017/osta/inc/client-head.html on line 13
[05-Jan-2018 03:08:03 UTC] PHP Warning:  readfile(../osta/css/themes/selected.txt): failed to open stream: No such file or directory in /var/www/vhosts/osticketawesome.com/httpdocs/2017/osta/inc/client-head.html on line 13
[05-Jan-2018 03:08:09 UTC] PHP Warning:  readfile(../osta/css/themes/selected.txt): failed to open stream: No such file or directory in /var/www/vhosts/osticketawesome.com/httpdocs/2017/osta/inc/client-head.html on line 13
[05-Jan-2018 03:08:14 UTC] PHP Warning:  readfile(../osta/css/themes/selected.txt): failed to open stream: No such file or directory in /var/www/vhosts/osticketawesome.com/httpdocs/2017/osta/inc/client-head.html on line 13
[05-Jan-2018 03:11:02 UTC] PHP Warning:  readfile(../osta/css/themes/selected.txt): failed to open stream: No such file or directory in /var/www/vhosts/osticketawesome.com/httpdocs/2017/osta/inc/client-head.html on line 13
[05-Jan-2018 03:18:53 UTC] PHP Warning:  readfile(../osta/css/themes/selected.txt): failed to open stream: No such file or directory in /var/www/vhosts/osticketawesome.com/httpdocs/2017/osta/inc/client-head.html on line 13
[05-Jan-2018 03:19:52 UTC] PHP Warning:  readfile(../osta/css/themes/selected.txt): failed to open stream: No such file or directory in /var/www/vhosts/osticketawesome.com/httpdocs/2017/osta/inc/client-head.html on line 13
[05-Jan-2018 03:51:17 UTC] PHP Warning:  readfile(../osta/css/themes/selected.txt): failed to open stream: No such file or directory in /var/www/vhosts/osticketawesome.com/httpdocs/2017/osta/inc/client-head.html on line 13
[05-Jan-2018 17:21:44 UTC] PHP Warning:  readfile(../osta/css/themes/selected.txt): failed to open stream: No such file or directory in /var/www/vhosts/osticketawesome.com/httpdocs/2017/osta/inc/client-head.html on line 13
[05-Jan-2018 17:21:47 UTC] PHP Warning:  readfile(../osta/css/themes/selected.txt): failed to open stream: No such file or directory in /var/www/vhosts/osticketawesome.com/httpdocs/2017/osta/inc/client-head.html on line 13
[05-Jan-2018 17:22:37 UTC] PHP Warning:  readfile(../osta/css/themes/selected.txt): failed to open stream: No such file or directory in /var/www/vhosts/osticketawesome.com/httpdocs/2017/osta/inc/client-head.html on line 13
[05-Jan-2018 17:22:55 UTC] PHP Warning:  readfile(../osta/css/themes/selected.txt): failed to open stream: No such file or directory in /var/www/vhosts/osticketawesome.com/httpdocs/2017/osta/inc/client-head.html on line 13
[05-Jan-2018 17:23:02 UTC] PHP Warning:  readfile(../osta/css/themes/selected.txt): failed to open stream: No such file or directory in /var/www/vhosts/osticketawesome.com/httpdocs/2017/osta/inc/client-head.html on line 13
[06-Jan-2018 19:16:58 UTC] PHP Warning:  readfile(../osta/css/themes/selected.txt): failed to open stream: No such file or directory in /var/www/vhosts/osticketawesome.com/httpdocs/2017/osta/inc/client-head.html on line 13
[06-Jan-2018 19:17:13 UTC] PHP Warning:  readfile(../osta/css/themes/selected.txt): failed to open stream: No such file or directory in /var/www/vhosts/osticketawesome.com/httpdocs/2017/osta/inc/client-head.html on line 13
[06-Jan-2018 19:17:18 UTC] PHP Warning:  readfile(../osta/css/themes/selected.txt): failed to open stream: No such file or directory in /var/www/vhosts/osticketawesome.com/httpdocs/2017/osta/inc/client-head.html on line 13
[06-Jan-2018 19:17:34 UTC] PHP Warning:  readfile(../osta/css/themes/selected.txt): failed to open stream: No such file or directory in /var/www/vhosts/osticketawesome.com/httpdocs/2017/osta/inc/client-head.html on line 13
[06-Jan-2018 19:17:36 UTC] PHP Warning:  readfile(../osta/css/themes/selected.txt): failed to open stream: No such file or directory in /var/www/vhosts/osticketawesome.com/httpdocs/2017/osta/inc/client-head.html on line 13
[06-Jan-2018 19:20:01 UTC] PHP Warning:  readfile(../osta/css/themes/selected.txt): failed to open stream: No such file or directory in /var/www/vhosts/osticketawesome.com/httpdocs/2017/osta/inc/client-head.html on line 13
[06-Jan-2018 19:20:04 UTC] PHP Warning:  readfile(../osta/css/themes/selected.txt): failed to open stream: No such file or directory in /var/www/vhosts/osticketawesome.com/httpdocs/2017/osta/inc/client-head.html on line 13
[06-Jan-2018 19:20:08 UTC] PHP Warning:  readfile(../osta/css/themes/selected.txt): failed to open stream: No such file or directory in /var/www/vhosts/osticketawesome.com/httpdocs/2017/osta/inc/client-head.html on line 13
[06-Jan-2018 19:20:43 UTC] PHP Warning:  readfile(../osta/css/themes/selected.txt): failed to open stream: No such file or directory in /var/www/vhosts/osticketawesome.com/httpdocs/2017/osta/inc/client-head.html on line 13
[06-Jan-2018 19:38:13 UTC] PHP Warning:  readfile(../osta/css/themes/selected.txt): failed to open stream: No such file or directory in /var/www/vhosts/osticketawesome.com/httpdocs/2017/osta/inc/client-head.html on line 13
[07-Jan-2018 03:47:34 UTC] PHP Warning:  readfile(../osta/css/themes/selected.txt): failed to open stream: No such file or directory in /var/www/vhosts/osticketawesome.com/httpdocs/2017/osta/inc/client-head.html on line 13
[07-Jan-2018 03:47:35 UTC] PHP Warning:  readfile(../osta/css/themes/selected.txt): failed to open stream: No such file or directory in /var/www/vhosts/osticketawesome.com/httpdocs/2017/osta/inc/client-head.html on line 13
[07-Jan-2018 03:55:34 UTC] PHP Warning:  readfile(../osta/css/themes/selected.txt): failed to open stream: No such file or directory in /var/www/vhosts/osticketawesome.com/httpdocs/2017/osta/inc/client-head.html on line 13
[07-Jan-2018 03:55:34 UTC] PHP Warning:  readfile(../osta/css/themes/selected.txt): failed to open stream: No such file or directory in /var/www/vhosts/osticketawesome.com/httpdocs/2017/osta/inc/client-head.html on line 13
[07-Jan-2018 03:55:39 UTC] PHP Warning:  readfile(../osta/css/themes/selected.txt): failed to open stream: No such file or directory in /var/www/vhosts/osticketawesome.com/httpdocs/2017/osta/inc/client-head.html on line 13
[07-Jan-2018 04:57:12 UTC] PHP Warning:  readfile(../osta/css/themes/selected.txt): failed to open stream: No such file or directory in /var/www/vhosts/osticketawesome.com/httpdocs/2017/osta/inc/client-head.html on line 13
[07-Jan-2018 10:35:37 UTC] PHP Warning:  readfile(../osta/css/themes/selected.txt): failed to open stream: No such file or directory in /var/www/vhosts/osticketawesome.com/httpdocs/2017/osta/inc/client-head.html on line 13
