[30-Dec-2017 21:15:22 UTC] PHP Warning:  file_get_contents(../osta/css/themes/custom/header-link-color.txt): failed to open stream: No such file or directory in /var/www/vhosts/osticketawesome.com/httpdocs/2017/include/staff/theme.inc.php on line 153
[30-Dec-2017 21:40:32 UTC] PHP Warning:  file_get_contents(../osta/css/themes/custom/header-link-color.txt): failed to open stream: No such file or directory in /var/www/vhosts/osticketawesome.com/httpdocs/2017/include/staff/theme.inc.php on line 153
[30-Dec-2017 21:40:39 UTC] PHP Warning:  file_get_contents(../osta/css/themes/custom/header-link-color.txt): failed to open stream: No such file or directory in /var/www/vhosts/osticketawesome.com/httpdocs/2017/include/staff/theme.inc.php on line 153
[30-Dec-2017 21:40:44 UTC] PHP Warning:  file_get_contents(../osta/css/themes/custom/header-link-color.txt): failed to open stream: No such file or directory in /var/www/vhosts/osticketawesome.com/httpdocs/2017/include/staff/theme.inc.php on line 153
[30-Dec-2017 21:42:40 UTC] PHP Warning:  file_get_contents(../osta/css/themes/custom/header-link-color.txt): failed to open stream: No such file or directory in /var/www/vhosts/osticketawesome.com/httpdocs/2017/include/staff/theme.inc.php on line 153
[30-Dec-2017 21:42:56 UTC] PHP Warning:  file_get_contents(../osta/css/themes/custom/header-link-color.txt): failed to open stream: No such file or directory in /var/www/vhosts/osticketawesome.com/httpdocs/2017/include/staff/theme.inc.php on line 153
[30-Dec-2017 21:43:10 UTC] PHP Warning:  file_get_contents(../osta/css/themes/custom/header-link-color.txt): failed to open stream: No such file or directory in /var/www/vhosts/osticketawesome.com/httpdocs/2017/include/staff/theme.inc.php on line 153
[30-Dec-2017 21:43:27 UTC] PHP Warning:  file_get_contents(../osta/css/themes/custom/header-link-color.txt): failed to open stream: No such file or directory in /var/www/vhosts/osticketawesome.com/httpdocs/2017/include/staff/theme.inc.php on line 153
[30-Dec-2017 21:45:46 UTC] PHP Warning:  file_get_contents(../osta/css/themes/custom/header-link-color.txt): failed to open stream: No such file or directory in /var/www/vhosts/osticketawesome.com/httpdocs/2017/include/staff/theme.inc.php on line 153
[30-Dec-2017 21:45:53 UTC] PHP Warning:  file_get_contents(../osta/css/themes/custom/header-link-color.txt): failed to open stream: No such file or directory in /var/www/vhosts/osticketawesome.com/httpdocs/2017/include/staff/theme.inc.php on line 153
[30-Dec-2017 21:46:56 UTC] PHP Warning:  file_get_contents(../osta/css/themes/custom/header-link-color.txt): failed to open stream: No such file or directory in /var/www/vhosts/osticketawesome.com/httpdocs/2017/include/staff/theme.inc.php on line 153
[30-Dec-2017 21:47:13 UTC] PHP Warning:  file_get_contents(../osta/css/themes/custom/header-link-color.txt): failed to open stream: No such file or directory in /var/www/vhosts/osticketawesome.com/httpdocs/2017/include/staff/theme.inc.php on line 153
[30-Dec-2017 21:47:58 UTC] PHP Warning:  file_get_contents(../osta/css/themes/custom/header-link-color.txt): failed to open stream: No such file or directory in /var/www/vhosts/osticketawesome.com/httpdocs/2017/include/staff/theme.inc.php on line 153
[30-Dec-2017 21:48:12 UTC] PHP Warning:  file_get_contents(../osta/css/themes/custom/header-link-color.txt): failed to open stream: No such file or directory in /var/www/vhosts/osticketawesome.com/httpdocs/2017/include/staff/theme.inc.php on line 153
[31-Dec-2017 01:47:58 UTC] PHP Warning:  file_get_contents(../osta/css/themes/custom/header-link-color.txt): failed to open stream: No such file or directory in /var/www/vhosts/osticketawesome.com/httpdocs/2017/include/staff/theme.inc.php on line 153
[31-Dec-2017 01:48:04 UTC] PHP Warning:  file_get_contents(../osta/css/themes/custom/header-link-color.txt): failed to open stream: No such file or directory in /var/www/vhosts/osticketawesome.com/httpdocs/2017/include/staff/theme.inc.php on line 153
[31-Dec-2017 02:23:01 UTC] PHP Warning:  file_get_contents(../osta/css/themes/custom/header-link-color.txt): failed to open stream: No such file or directory in /var/www/vhosts/osticketawesome.com/httpdocs/2017/include/staff/theme.inc.php on line 153
[31-Dec-2017 05:44:39 UTC] PHP Warning:  mail(/var/log/php-maillog): failed to open stream: Permission denied in /var/www/vhosts/osticketawesome.com/httpdocs/2017/include/pear/Mail/mail.php on line 156
[31-Dec-2017 11:56:58 UTC] PHP Warning:  file_get_contents(../osta/css/themes/custom/header-link-color.txt): failed to open stream: No such file or directory in /var/www/vhosts/osticketawesome.com/httpdocs/2017/include/staff/theme.inc.php on line 153
[31-Dec-2017 11:59:11 UTC] PHP Fatal error:  Uncaught exception 'OrmException' with message 'Staff: default_from_name: Feld nicht definiert' in /var/www/vhosts/osticketawesome.com/httpdocs/2017/include/class.orm.php:382
Stack trace:
#0 /var/www/vhosts/osticketawesome.com/httpdocs/2017/include/class.staff.php(79): VerySimpleModel->get('default_from_na...', NULL)
#1 /var/www/vhosts/osticketawesome.com/httpdocs/2017/include/class.orm.php(386): Staff->get('default_from_na...', NULL)
#2 /var/www/vhosts/osticketawesome.com/httpdocs/2017/include/staff/profile.inc.php(219): VerySimpleModel->__get('default_from_na...')
#3 /var/www/vhosts/osticketawesome.com/httpdocs/2017/scp/profile.php(55): require('/var/www/vhosts...')
#4 {main}
  thrown in /var/www/vhosts/osticketawesome.com/httpdocs/2017/include/class.orm.php on line 382
[31-Dec-2017 12:02:36 UTC] PHP Fatal error:  Uncaught exception 'OrmException' with message 'Staff: default_from_name: Field not defined' in /var/www/vhosts/osticketawesome.com/httpdocs/2017/include/class.orm.php:382
Stack trace:
#0 /var/www/vhosts/osticketawesome.com/httpdocs/2017/include/class.staff.php(79): VerySimpleModel->get('default_from_na...', NULL)
#1 /var/www/vhosts/osticketawesome.com/httpdocs/2017/include/class.orm.php(386): Staff->get('default_from_na...', NULL)
#2 /var/www/vhosts/osticketawesome.com/httpdocs/2017/include/staff/profile.inc.php(219): VerySimpleModel->__get('default_from_na...')
#3 /var/www/vhosts/osticketawesome.com/httpdocs/2017/scp/profile.php(55): require('/var/www/vhosts...')
#4 {main}
  thrown in /var/www/vhosts/osticketawesome.com/httpdocs/2017/include/class.orm.php on line 382
[31-Dec-2017 20:13:12 UTC] PHP Warning:  file_get_contents(../osta/css/themes/custom/header-link-color.txt): failed to open stream: No such file or directory in /var/www/vhosts/osticketawesome.com/httpdocs/2017/include/staff/theme.inc.php on line 153
[31-Dec-2017 20:13:16 UTC] PHP Warning:  file_get_contents(../osta/css/themes/custom/header-link-color.txt): failed to open stream: No such file or directory in /var/www/vhosts/osticketawesome.com/httpdocs/2017/include/staff/theme.inc.php on line 153
[31-Dec-2017 20:13:39 UTC] PHP Warning:  file_get_contents(../osta/css/themes/custom/header-link-color.txt): failed to open stream: No such file or directory in /var/www/vhosts/osticketawesome.com/httpdocs/2017/include/staff/theme.inc.php on line 153
[31-Dec-2017 20:20:23 UTC] PHP Warning:  file_get_contents(../osta/css/themes/custom/header-link-color.txt): failed to open stream: No such file or directory in /var/www/vhosts/osticketawesome.com/httpdocs/2017/include/staff/theme.inc.php on line 153
[31-Dec-2017 20:20:28 UTC] PHP Warning:  file_get_contents(../osta/css/themes/custom/header-link-color.txt): failed to open stream: No such file or directory in /var/www/vhosts/osticketawesome.com/httpdocs/2017/include/staff/theme.inc.php on line 153
[31-Dec-2017 20:21:15 UTC] PHP Warning:  file_get_contents(../osta/css/themes/custom/header-link-color.txt): failed to open stream: No such file or directory in /var/www/vhosts/osticketawesome.com/httpdocs/2017/include/staff/theme.inc.php on line 153
[31-Dec-2017 20:42:47 UTC] PHP Warning:  file_get_contents(../osta/css/themes/custom/header-link-color.txt): failed to open stream: No such file or directory in /var/www/vhosts/osticketawesome.com/httpdocs/2017/include/staff/theme.inc.php on line 153
[31-Dec-2017 20:48:12 UTC] PHP Warning:  file_get_contents(../osta/css/themes/custom/header-link-color.txt): failed to open stream: No such file or directory in /var/www/vhosts/osticketawesome.com/httpdocs/2017/include/staff/theme.inc.php on line 153
[31-Dec-2017 20:48:20 UTC] PHP Warning:  file_get_contents(../osta/css/themes/custom/header-link-color.txt): failed to open stream: No such file or directory in /var/www/vhosts/osticketawesome.com/httpdocs/2017/include/staff/theme.inc.php on line 153
[31-Dec-2017 20:48:44 UTC] PHP Warning:  file_get_contents(../osta/css/themes/custom/header-link-color.txt): failed to open stream: No such file or directory in /var/www/vhosts/osticketawesome.com/httpdocs/2017/include/staff/theme.inc.php on line 153
[31-Dec-2017 20:48:57 UTC] PHP Warning:  file_get_contents(../osta/css/themes/custom/header-link-color.txt): failed to open stream: No such file or directory in /var/www/vhosts/osticketawesome.com/httpdocs/2017/include/staff/theme.inc.php on line 153
[31-Dec-2017 20:53:07 UTC] PHP Warning:  file_get_contents(../osta/css/themes/custom/header-link-color.txt): failed to open stream: No such file or directory in /var/www/vhosts/osticketawesome.com/httpdocs/2017/include/staff/theme.inc.php on line 153
[31-Dec-2017 20:53:15 UTC] PHP Warning:  file_get_contents(../osta/css/themes/custom/header-link-color.txt): failed to open stream: No such file or directory in /var/www/vhosts/osticketawesome.com/httpdocs/2017/include/staff/theme.inc.php on line 153
[31-Dec-2017 20:53:44 UTC] PHP Warning:  file_get_contents(../osta/css/themes/custom/header-link-color.txt): failed to open stream: No such file or directory in /var/www/vhosts/osticketawesome.com/httpdocs/2017/include/staff/theme.inc.php on line 153
[31-Dec-2017 20:56:48 UTC] PHP Warning:  file_get_contents(../osta/css/themes/custom/header-link-color.txt): failed to open stream: No such file or directory in /var/www/vhosts/osticketawesome.com/httpdocs/2017/include/staff/theme.inc.php on line 153
[31-Dec-2017 20:56:52 UTC] PHP Warning:  file_get_contents(../osta/css/themes/custom/header-link-color.txt): failed to open stream: No such file or directory in /var/www/vhosts/osticketawesome.com/httpdocs/2017/include/staff/theme.inc.php on line 153
[31-Dec-2017 20:59:34 UTC] PHP Warning:  file_get_contents(../osta/css/themes/custom/header-link-color.txt): failed to open stream: No such file or directory in /var/www/vhosts/osticketawesome.com/httpdocs/2017/include/staff/theme.inc.php on line 153
[31-Dec-2017 20:59:38 UTC] PHP Warning:  file_get_contents(../osta/css/themes/custom/header-link-color.txt): failed to open stream: No such file or directory in /var/www/vhosts/osticketawesome.com/httpdocs/2017/include/staff/theme.inc.php on line 153
[31-Dec-2017 21:01:50 UTC] PHP Warning:  file_get_contents(../osta/css/themes/custom/header-link-color.txt): failed to open stream: No such file or directory in /var/www/vhosts/osticketawesome.com/httpdocs/2017/include/staff/theme.inc.php on line 153
[31-Dec-2017 21:03:28 UTC] PHP Warning:  file_get_contents(../osta/css/themes/custom/header-link-color.txt): failed to open stream: No such file or directory in /var/www/vhosts/osticketawesome.com/httpdocs/2017/include/staff/theme.inc.php on line 153
[31-Dec-2017 21:03:57 UTC] PHP Warning:  file_get_contents(../osta/css/themes/custom/header-link-color.txt): failed to open stream: No such file or directory in /var/www/vhosts/osticketawesome.com/httpdocs/2017/include/staff/theme.inc.php on line 153
[31-Dec-2017 21:04:14 UTC] PHP Warning:  file_get_contents(../osta/css/themes/custom/header-link-color.txt): failed to open stream: No such file or directory in /var/www/vhosts/osticketawesome.com/httpdocs/2017/include/staff/theme.inc.php on line 153
[31-Dec-2017 21:04:29 UTC] PHP Warning:  file_get_contents(../osta/css/themes/custom/header-link-color.txt): failed to open stream: No such file or directory in /var/www/vhosts/osticketawesome.com/httpdocs/2017/include/staff/theme.inc.php on line 153
[31-Dec-2017 21:05:01 UTC] PHP Warning:  file_get_contents(../osta/css/themes/custom/header-link-color.txt): failed to open stream: No such file or directory in /var/www/vhosts/osticketawesome.com/httpdocs/2017/include/staff/theme.inc.php on line 153
[31-Dec-2017 21:56:56 UTC] PHP Warning:  file_get_contents(../osta/css/themes/custom/header-link-color.txt): failed to open stream: No such file or directory in /var/www/vhosts/osticketawesome.com/httpdocs/2017/include/staff/theme.inc.php on line 153
[31-Dec-2017 21:57:01 UTC] PHP Warning:  file_get_contents(../osta/css/themes/custom/header-link-color.txt): failed to open stream: No such file or directory in /var/www/vhosts/osticketawesome.com/httpdocs/2017/include/staff/theme.inc.php on line 153
[31-Dec-2017 22:50:33 UTC] PHP Warning:  mail(/var/log/php-maillog): failed to open stream: Permission denied in /var/www/vhosts/osticketawesome.com/httpdocs/2017/include/pear/Mail/mail.php on line 156
[31-Dec-2017 23:25:45 UTC] PHP Parse error:  syntax error, unexpected '=>' (T_DOUBLE_ARROW) in /var/www/vhosts/osticketawesome.com/httpdocs/2017/scp/tickets.php on line 443
[31-Dec-2017 23:25:47 UTC] PHP Parse error:  syntax error, unexpected '=>' (T_DOUBLE_ARROW) in /var/www/vhosts/osticketawesome.com/httpdocs/2017/scp/tickets.php on line 443
[31-Dec-2017 23:26:25 UTC] PHP Parse error:  syntax error, unexpected '=>' (T_DOUBLE_ARROW) in /var/www/vhosts/osticketawesome.com/httpdocs/2017/scp/tickets.php on line 443
[31-Dec-2017 23:26:29 UTC] PHP Parse error:  syntax error, unexpected '=>' (T_DOUBLE_ARROW) in /var/www/vhosts/osticketawesome.com/httpdocs/2017/scp/tickets.php on line 443
[01-Jan-2018 01:48:23 UTC] PHP Warning:  mail(/var/log/php-maillog): failed to open stream: Permission denied in /var/www/vhosts/osticketawesome.com/httpdocs/2017/include/pear/Mail/mail.php on line 153
[01-Jan-2018 01:48:31 UTC] PHP Warning:  mail(/var/log/php-maillog): failed to open stream: Permission denied in /var/www/vhosts/osticketawesome.com/httpdocs/2017/include/pear/Mail/mail.php on line 153
[01-Jan-2018 01:48:34 UTC] PHP Warning:  mail(/var/log/php-maillog): failed to open stream: Permission denied in /var/www/vhosts/osticketawesome.com/httpdocs/2017/include/pear/Mail/mail.php on line 153
[01-Jan-2018 01:48:37 UTC] PHP Warning:  mail(/var/log/php-maillog): failed to open stream: Permission denied in /var/www/vhosts/osticketawesome.com/httpdocs/2017/include/pear/Mail/mail.php on line 153
[01-Jan-2018 01:52:47 UTC] PHP Warning:  mail(/var/log/php-maillog): failed to open stream: Permission denied in /var/www/vhosts/osticketawesome.com/httpdocs/2017/include/pear/Mail/mail.php on line 156
[01-Jan-2018 01:56:37 UTC] PHP Warning:  mail(/var/log/php-maillog): failed to open stream: Permission denied in /var/www/vhosts/osticketawesome.com/httpdocs/2017/include/pear/Mail/mail.php on line 156
[01-Jan-2018 02:13:32 UTC] PHP Warning:  mail(/var/log/php-maillog): failed to open stream: Permission denied in /var/www/vhosts/osticketawesome.com/httpdocs/2017/include/pear/Mail/mail.php on line 156
[01-Jan-2018 02:16:37 UTC] PHP Warning:  mail(/var/log/php-maillog): failed to open stream: Permission denied in /var/www/vhosts/osticketawesome.com/httpdocs/2017/include/pear/Mail/mail.php on line 156
[01-Jan-2018 02:17:58 UTC] PHP Warning:  mail(/var/log/php-maillog): failed to open stream: Permission denied in /var/www/vhosts/osticketawesome.com/httpdocs/2017/include/pear/Mail/mail.php on line 156
[01-Jan-2018 03:01:26 UTC] PHP Warning:  mail(/var/log/php-maillog): failed to open stream: Permission denied in /var/www/vhosts/osticketawesome.com/httpdocs/2017/include/pear/Mail/mail.php on line 153
[01-Jan-2018 03:01:33 UTC] PHP Warning:  mail(/var/log/php-maillog): failed to open stream: Permission denied in /var/www/vhosts/osticketawesome.com/httpdocs/2017/include/pear/Mail/mail.php on line 153
[01-Jan-2018 03:16:53 UTC] PHP Warning:  mail(/var/log/php-maillog): failed to open stream: Permission denied in /var/www/vhosts/osticketawesome.com/httpdocs/2017/include/pear/Mail/mail.php on line 156
[01-Jan-2018 03:16:53 UTC] PHP Warning:  mail(/var/log/php-maillog): failed to open stream: Permission denied in /var/www/vhosts/osticketawesome.com/httpdocs/2017/include/pear/Mail/mail.php on line 156
[01-Jan-2018 03:18:18 UTC] PHP Warning:  mail(/var/log/php-maillog): failed to open stream: Permission denied in /var/www/vhosts/osticketawesome.com/httpdocs/2017/include/pear/Mail/mail.php on line 156
[01-Jan-2018 03:18:18 UTC] PHP Warning:  mail(/var/log/php-maillog): failed to open stream: Permission denied in /var/www/vhosts/osticketawesome.com/httpdocs/2017/include/pear/Mail/mail.php on line 156
[01-Jan-2018 03:18:18 UTC] PHP Warning:  mail(/var/log/php-maillog): failed to open stream: Permission denied in /var/www/vhosts/osticketawesome.com/httpdocs/2017/include/pear/Mail/mail.php on line 156
[01-Jan-2018 03:30:03 UTC] PHP Warning:  mail(/var/log/php-maillog): failed to open stream: Permission denied in /var/www/vhosts/osticketawesome.com/httpdocs/2017/include/pear/Mail/mail.php on line 156
[01-Jan-2018 03:30:03 UTC] PHP Warning:  mail(/var/log/php-maillog): failed to open stream: Permission denied in /var/www/vhosts/osticketawesome.com/httpdocs/2017/include/pear/Mail/mail.php on line 156
[01-Jan-2018 03:30:04 UTC] PHP Warning:  mail(/var/log/php-maillog): failed to open stream: Permission denied in /var/www/vhosts/osticketawesome.com/httpdocs/2017/include/pear/Mail/mail.php on line 156
[01-Jan-2018 03:38:29 UTC] PHP Warning:  mail(/var/log/php-maillog): failed to open stream: Permission denied in /var/www/vhosts/osticketawesome.com/httpdocs/2017/include/pear/Mail/mail.php on line 156
[01-Jan-2018 03:38:29 UTC] PHP Warning:  mail(/var/log/php-maillog): failed to open stream: Permission denied in /var/www/vhosts/osticketawesome.com/httpdocs/2017/include/pear/Mail/mail.php on line 156
[01-Jan-2018 04:07:25 UTC] PHP Warning:  mail(/var/log/php-maillog): failed to open stream: Permission denied in /var/www/vhosts/osticketawesome.com/httpdocs/2017/include/pear/Mail/mail.php on line 156
[01-Jan-2018 04:07:40 UTC] PHP Warning:  mail(/var/log/php-maillog): failed to open stream: Permission denied in /var/www/vhosts/osticketawesome.com/httpdocs/2017/include/pear/Mail/mail.php on line 156
[01-Jan-2018 04:08:11 UTC] PHP Warning:  mail(/var/log/php-maillog): failed to open stream: Permission denied in /var/www/vhosts/osticketawesome.com/httpdocs/2017/include/pear/Mail/mail.php on line 156
[01-Jan-2018 22:52:32 UTC] PHP Warning:  file_get_contents(../osta/css/themes/custom/header-link-color.txt): failed to open stream: No such file or directory in /var/www/vhosts/osticketawesome.com/httpdocs/2017/include/staff/theme.inc.php on line 153
[01-Jan-2018 22:52:36 UTC] PHP Warning:  file_get_contents(../osta/css/themes/custom/header-link-color.txt): failed to open stream: No such file or directory in /var/www/vhosts/osticketawesome.com/httpdocs/2017/include/staff/theme.inc.php on line 153
[03-Jan-2018 03:19:29 UTC] PHP Warning:  mail(/var/log/php-maillog): failed to open stream: Permission denied in /var/www/vhosts/osticketawesome.com/httpdocs/2017/include/pear/Mail/mail.php on line 156
[03-Jan-2018 04:04:46 UTC] PHP Warning:  mail(/var/log/php-maillog): failed to open stream: Permission denied in /var/www/vhosts/osticketawesome.com/httpdocs/2017/include/pear/Mail/mail.php on line 156
[03-Jan-2018 05:05:10 UTC] PHP Warning:  mail(/var/log/php-maillog): failed to open stream: Permission denied in /var/www/vhosts/osticketawesome.com/httpdocs/2017/include/pear/Mail/mail.php on line 156
[03-Jan-2018 06:00:32 UTC] PHP Warning:  mail(/var/log/php-maillog): failed to open stream: Permission denied in /var/www/vhosts/osticketawesome.com/httpdocs/2017/include/pear/Mail/mail.php on line 156
[03-Jan-2018 07:00:54 UTC] PHP Warning:  mail(/var/log/php-maillog): failed to open stream: Permission denied in /var/www/vhosts/osticketawesome.com/httpdocs/2017/include/pear/Mail/mail.php on line 156
[03-Jan-2018 09:01:40 UTC] PHP Warning:  mail(/var/log/php-maillog): failed to open stream: Permission denied in /var/www/vhosts/osticketawesome.com/httpdocs/2017/include/pear/Mail/mail.php on line 156
[03-Jan-2018 10:02:07 UTC] PHP Warning:  mail(/var/log/php-maillog): failed to open stream: Permission denied in /var/www/vhosts/osticketawesome.com/httpdocs/2017/include/pear/Mail/mail.php on line 156
[03-Jan-2018 11:02:30 UTC] PHP Warning:  mail(/var/log/php-maillog): failed to open stream: Permission denied in /var/www/vhosts/osticketawesome.com/httpdocs/2017/include/pear/Mail/mail.php on line 156
[03-Jan-2018 12:02:55 UTC] PHP Warning:  mail(/var/log/php-maillog): failed to open stream: Permission denied in /var/www/vhosts/osticketawesome.com/httpdocs/2017/include/pear/Mail/mail.php on line 156
[03-Jan-2018 14:03:41 UTC] PHP Warning:  mail(/var/log/php-maillog): failed to open stream: Permission denied in /var/www/vhosts/osticketawesome.com/httpdocs/2017/include/pear/Mail/mail.php on line 156
[03-Jan-2018 15:04:05 UTC] PHP Warning:  mail(/var/log/php-maillog): failed to open stream: Permission denied in /var/www/vhosts/osticketawesome.com/httpdocs/2017/include/pear/Mail/mail.php on line 156
[03-Jan-2018 17:04:54 UTC] PHP Warning:  mail(/var/log/php-maillog): failed to open stream: Permission denied in /var/www/vhosts/osticketawesome.com/httpdocs/2017/include/pear/Mail/mail.php on line 156
[03-Jan-2018 18:00:17 UTC] PHP Warning:  mail(/var/log/php-maillog): failed to open stream: Permission denied in /var/www/vhosts/osticketawesome.com/httpdocs/2017/include/pear/Mail/mail.php on line 156
[03-Jan-2018 19:00:42 UTC] PHP Warning:  mail(/var/log/php-maillog): failed to open stream: Permission denied in /var/www/vhosts/osticketawesome.com/httpdocs/2017/include/pear/Mail/mail.php on line 156
[03-Jan-2018 21:01:33 UTC] PHP Warning:  mail(/var/log/php-maillog): failed to open stream: Permission denied in /var/www/vhosts/osticketawesome.com/httpdocs/2017/include/pear/Mail/mail.php on line 156
[03-Jan-2018 22:01:59 UTC] PHP Warning:  mail(/var/log/php-maillog): failed to open stream: Permission denied in /var/www/vhosts/osticketawesome.com/httpdocs/2017/include/pear/Mail/mail.php on line 156
[03-Jan-2018 23:02:24 UTC] PHP Warning:  mail(/var/log/php-maillog): failed to open stream: Permission denied in /var/www/vhosts/osticketawesome.com/httpdocs/2017/include/pear/Mail/mail.php on line 156
[04-Jan-2018 00:02:48 UTC] PHP Warning:  mail(/var/log/php-maillog): failed to open stream: Permission denied in /var/www/vhosts/osticketawesome.com/httpdocs/2017/include/pear/Mail/mail.php on line 156
[04-Jan-2018 01:03:15 UTC] PHP Warning:  mail(/var/log/php-maillog): failed to open stream: Permission denied in /var/www/vhosts/osticketawesome.com/httpdocs/2017/include/pear/Mail/mail.php on line 156
[04-Jan-2018 02:03:41 UTC] PHP Warning:  mail(/var/log/php-maillog): failed to open stream: Permission denied in /var/www/vhosts/osticketawesome.com/httpdocs/2017/include/pear/Mail/mail.php on line 156
[04-Jan-2018 03:04:06 UTC] PHP Warning:  mail(/var/log/php-maillog): failed to open stream: Permission denied in /var/www/vhosts/osticketawesome.com/httpdocs/2017/include/pear/Mail/mail.php on line 156
[04-Jan-2018 04:04:33 UTC] PHP Warning:  mail(/var/log/php-maillog): failed to open stream: Permission denied in /var/www/vhosts/osticketawesome.com/httpdocs/2017/include/pear/Mail/mail.php on line 156
[04-Jan-2018 05:04:58 UTC] PHP Warning:  mail(/var/log/php-maillog): failed to open stream: Permission denied in /var/www/vhosts/osticketawesome.com/httpdocs/2017/include/pear/Mail/mail.php on line 156
[04-Jan-2018 06:00:23 UTC] PHP Warning:  mail(/var/log/php-maillog): failed to open stream: Permission denied in /var/www/vhosts/osticketawesome.com/httpdocs/2017/include/pear/Mail/mail.php on line 156
[04-Jan-2018 07:00:48 UTC] PHP Warning:  mail(/var/log/php-maillog): failed to open stream: Permission denied in /var/www/vhosts/osticketawesome.com/httpdocs/2017/include/pear/Mail/mail.php on line 156
[04-Jan-2018 08:01:15 UTC] PHP Warning:  mail(/var/log/php-maillog): failed to open stream: Permission denied in /var/www/vhosts/osticketawesome.com/httpdocs/2017/include/pear/Mail/mail.php on line 156
[04-Jan-2018 09:01:41 UTC] PHP Warning:  mail(/var/log/php-maillog): failed to open stream: Permission denied in /var/www/vhosts/osticketawesome.com/httpdocs/2017/include/pear/Mail/mail.php on line 156
[04-Jan-2018 10:02:07 UTC] PHP Warning:  mail(/var/log/php-maillog): failed to open stream: Permission denied in /var/www/vhosts/osticketawesome.com/httpdocs/2017/include/pear/Mail/mail.php on line 156
[04-Jan-2018 11:02:34 UTC] PHP Warning:  mail(/var/log/php-maillog): failed to open stream: Permission denied in /var/www/vhosts/osticketawesome.com/httpdocs/2017/include/pear/Mail/mail.php on line 156
[04-Jan-2018 12:02:58 UTC] PHP Warning:  mail(/var/log/php-maillog): failed to open stream: Permission denied in /var/www/vhosts/osticketawesome.com/httpdocs/2017/include/pear/Mail/mail.php on line 156
[04-Jan-2018 13:03:22 UTC] PHP Warning:  mail(/var/log/php-maillog): failed to open stream: Permission denied in /var/www/vhosts/osticketawesome.com/httpdocs/2017/include/pear/Mail/mail.php on line 156
[04-Jan-2018 14:03:48 UTC] PHP Warning:  mail(/var/log/php-maillog): failed to open stream: Permission denied in /var/www/vhosts/osticketawesome.com/httpdocs/2017/include/pear/Mail/mail.php on line 156
[04-Jan-2018 15:04:12 UTC] PHP Warning:  mail(/var/log/php-maillog): failed to open stream: Permission denied in /var/www/vhosts/osticketawesome.com/httpdocs/2017/include/pear/Mail/mail.php on line 156
[04-Jan-2018 17:05:06 UTC] PHP Warning:  mail(/var/log/php-maillog): failed to open stream: Permission denied in /var/www/vhosts/osticketawesome.com/httpdocs/2017/include/pear/Mail/mail.php on line 156
[04-Jan-2018 18:00:28 UTC] PHP Warning:  mail(/var/log/php-maillog): failed to open stream: Permission denied in /var/www/vhosts/osticketawesome.com/httpdocs/2017/include/pear/Mail/mail.php on line 156
[04-Jan-2018 19:00:54 UTC] PHP Warning:  mail(/var/log/php-maillog): failed to open stream: Permission denied in /var/www/vhosts/osticketawesome.com/httpdocs/2017/include/pear/Mail/mail.php on line 156
[04-Jan-2018 23:02:19 UTC] PHP Warning:  mail(/var/log/php-maillog): failed to open stream: Permission denied in /var/www/vhosts/osticketawesome.com/httpdocs/2017/include/pear/Mail/mail.php on line 156
[05-Jan-2018 03:55:41 UTC] PHP Warning:  file_get_contents(../osta/css/themes/custom/header-link-color.txt): failed to open stream: No such file or directory in /var/www/vhosts/osticketawesome.com/httpdocs/2017/include/staff/theme.inc.php on line 153
[05-Jan-2018 04:05:12 UTC] PHP Warning:  file_get_contents(../osta/css/themes/custom/header-link-color.txt): failed to open stream: No such file or directory in /var/www/vhosts/osticketawesome.com/httpdocs/2017/include/staff/theme.inc.php on line 153
[05-Jan-2018 04:05:27 UTC] PHP Warning:  file_get_contents(../osta/css/themes/custom/header-link-color.txt): failed to open stream: No such file or directory in /var/www/vhosts/osticketawesome.com/httpdocs/2017/include/staff/theme.inc.php on line 153
[05-Jan-2018 04:05:35 UTC] PHP Warning:  file_get_contents(../osta/css/themes/custom/header-link-color.txt): failed to open stream: No such file or directory in /var/www/vhosts/osticketawesome.com/httpdocs/2017/include/staff/theme.inc.php on line 153
[05-Jan-2018 04:05:48 UTC] PHP Warning:  file_get_contents(../osta/css/themes/custom/header-link-color.txt): failed to open stream: No such file or directory in /var/www/vhosts/osticketawesome.com/httpdocs/2017/include/staff/theme.inc.php on line 153
[05-Jan-2018 04:05:53 UTC] PHP Warning:  file_get_contents(../osta/css/themes/custom/header-link-color.txt): failed to open stream: No such file or directory in /var/www/vhosts/osticketawesome.com/httpdocs/2017/include/staff/theme.inc.php on line 153
[05-Jan-2018 04:06:06 UTC] PHP Warning:  file_get_contents(../osta/css/themes/custom/header-link-color.txt): failed to open stream: No such file or directory in /var/www/vhosts/osticketawesome.com/httpdocs/2017/include/staff/theme.inc.php on line 153
[05-Jan-2018 04:07:21 UTC] PHP Warning:  file_get_contents(../osta/css/themes/custom/header-link-color.txt): failed to open stream: No such file or directory in /var/www/vhosts/osticketawesome.com/httpdocs/2017/include/staff/theme.inc.php on line 153
[05-Jan-2018 04:07:28 UTC] PHP Warning:  file_get_contents(../osta/css/themes/custom/header-link-color.txt): failed to open stream: No such file or directory in /var/www/vhosts/osticketawesome.com/httpdocs/2017/include/staff/theme.inc.php on line 153
[05-Jan-2018 04:09:37 UTC] PHP Warning:  file_get_contents(../osta/css/themes/custom/header-link-color.txt): failed to open stream: No such file or directory in /var/www/vhosts/osticketawesome.com/httpdocs/2017/include/staff/theme.inc.php on line 153
[05-Jan-2018 04:09:44 UTC] PHP Warning:  file_get_contents(../osta/css/themes/custom/header-link-color.txt): failed to open stream: No such file or directory in /var/www/vhosts/osticketawesome.com/httpdocs/2017/include/staff/theme.inc.php on line 153
[05-Jan-2018 04:09:50 UTC] PHP Warning:  file_get_contents(../osta/css/themes/custom/header-link-color.txt): failed to open stream: No such file or directory in /var/www/vhosts/osticketawesome.com/httpdocs/2017/include/staff/theme.inc.php on line 153
[05-Jan-2018 04:09:59 UTC] PHP Warning:  file_get_contents(../osta/css/themes/custom/header-link-color.txt): failed to open stream: No such file or directory in /var/www/vhosts/osticketawesome.com/httpdocs/2017/include/staff/theme.inc.php on line 153
[05-Jan-2018 04:10:32 UTC] PHP Warning:  file_get_contents(../osta/css/themes/custom/header-link-color.txt): failed to open stream: No such file or directory in /var/www/vhosts/osticketawesome.com/httpdocs/2017/include/staff/theme.inc.php on line 153
[05-Jan-2018 04:10:41 UTC] PHP Warning:  file_get_contents(../osta/css/themes/custom/header-link-color.txt): failed to open stream: No such file or directory in /var/www/vhosts/osticketawesome.com/httpdocs/2017/include/staff/theme.inc.php on line 153
[05-Jan-2018 04:13:27 UTC] PHP Warning:  file_get_contents(../osta/css/themes/custom/header-link-color.txt): failed to open stream: No such file or directory in /var/www/vhosts/osticketawesome.com/httpdocs/2017/include/staff/theme.inc.php on line 153
[05-Jan-2018 05:26:23 UTC] PHP Warning:  file_get_contents(../osta/css/themes/custom/header-link-color.txt): failed to open stream: No such file or directory in /var/www/vhosts/osticketawesome.com/httpdocs/2017/include/staff/theme.inc.php on line 153
[05-Jan-2018 05:28:26 UTC] PHP Warning:  file_get_contents(../osta/css/themes/custom/header-link-color.txt): failed to open stream: No such file or directory in /var/www/vhosts/osticketawesome.com/httpdocs/2017/include/staff/theme.inc.php on line 153
[05-Jan-2018 17:21:10 UTC] PHP Warning:  file_get_contents(../osta/css/themes/custom/header-link-color.txt): failed to open stream: No such file or directory in /var/www/vhosts/osticketawesome.com/httpdocs/2017/include/staff/theme.inc.php on line 153
[05-Jan-2018 17:21:19 UTC] PHP Warning:  file_get_contents(../osta/css/themes/custom/header-link-color.txt): failed to open stream: No such file or directory in /var/www/vhosts/osticketawesome.com/httpdocs/2017/include/staff/theme.inc.php on line 153
[05-Jan-2018 21:59:28 UTC] PHP Warning:  file_get_contents(../osta/css/themes/custom/header-link-color.txt): failed to open stream: No such file or directory in /var/www/vhosts/osticketawesome.com/httpdocs/2017/include/staff/theme.inc.php on line 153
[05-Jan-2018 21:59:34 UTC] PHP Warning:  file_get_contents(../osta/css/themes/custom/header-link-color.txt): failed to open stream: No such file or directory in /var/www/vhosts/osticketawesome.com/httpdocs/2017/include/staff/theme.inc.php on line 153
[06-Jan-2018 02:49:50 UTC] PHP Warning:  mail(/var/log/php-maillog): failed to open stream: Permission denied in /var/www/vhosts/osticketawesome.com/httpdocs/2017/include/pear/Mail/mail.php on line 153
[06-Jan-2018 02:49:50 UTC] PHP Warning:  mail(/var/log/php-maillog): failed to open stream: Permission denied in /var/www/vhosts/osticketawesome.com/httpdocs/2017/include/pear/Mail/mail.php on line 153
[06-Jan-2018 20:53:19 UTC] PHP Warning:  mail(/var/log/php-maillog): failed to open stream: Permission denied in /var/www/vhosts/osticketawesome.com/httpdocs/2017/include/pear/Mail/mail.php on line 156
[06-Jan-2018 21:02:59 UTC] PHP Warning:  mail(/var/log/php-maillog): failed to open stream: Permission denied in /var/www/vhosts/osticketawesome.com/httpdocs/2017/include/pear/Mail/mail.php on line 156
[06-Jan-2018 22:00:29 UTC] PHP Warning:  mail(/var/log/php-maillog): failed to open stream: Permission denied in /var/www/vhosts/osticketawesome.com/httpdocs/2017/include/pear/Mail/mail.php on line 156
[06-Jan-2018 23:00:57 UTC] PHP Warning:  mail(/var/log/php-maillog): failed to open stream: Permission denied in /var/www/vhosts/osticketawesome.com/httpdocs/2017/include/pear/Mail/mail.php on line 156
[07-Jan-2018 00:01:24 UTC] PHP Warning:  mail(/var/log/php-maillog): failed to open stream: Permission denied in /var/www/vhosts/osticketawesome.com/httpdocs/2017/include/pear/Mail/mail.php on line 156
[07-Jan-2018 01:46:27 UTC] PHP Warning:  mail(/var/log/php-maillog): failed to open stream: Permission denied in /var/www/vhosts/osticketawesome.com/httpdocs/2017/include/pear/Mail/mail.php on line 156
[07-Jan-2018 02:04:18 UTC] PHP Warning:  mail(/var/log/php-maillog): failed to open stream: Permission denied in /var/www/vhosts/osticketawesome.com/httpdocs/2017/include/pear/Mail/mail.php on line 156
[07-Jan-2018 03:01:13 UTC] PHP Warning:  mail(/var/log/php-maillog): failed to open stream: Permission denied in /var/www/vhosts/osticketawesome.com/httpdocs/2017/include/pear/Mail/mail.php on line 156
[07-Jan-2018 03:55:58 UTC] PHP Warning:  file_get_contents(../osta/css/themes/custom/header-link-color.txt): failed to open stream: No such file or directory in /var/www/vhosts/osticketawesome.com/httpdocs/2017/include/staff/theme.inc.php on line 153
[07-Jan-2018 03:56:04 UTC] PHP Warning:  file_get_contents(../osta/css/themes/custom/header-link-color.txt): failed to open stream: No such file or directory in /var/www/vhosts/osticketawesome.com/httpdocs/2017/include/staff/theme.inc.php on line 153
[07-Jan-2018 03:58:39 UTC] PHP Warning:  file_get_contents(../osta/css/themes/custom/header-link-color.txt): failed to open stream: No such file or directory in /var/www/vhosts/osticketawesome.com/httpdocs/2017/include/staff/theme.inc.php on line 153
[07-Jan-2018 03:58:44 UTC] PHP Warning:  file_get_contents(../osta/css/themes/custom/header-link-color.txt): failed to open stream: No such file or directory in /var/www/vhosts/osticketawesome.com/httpdocs/2017/include/staff/theme.inc.php on line 153
[07-Jan-2018 03:58:55 UTC] PHP Warning:  file_get_contents(../osta/css/themes/custom/header-link-color.txt): failed to open stream: No such file or directory in /var/www/vhosts/osticketawesome.com/httpdocs/2017/include/staff/theme.inc.php on line 153
[07-Jan-2018 03:59:26 UTC] PHP Warning:  file_get_contents(../osta/css/themes/custom/header-link-color.txt): failed to open stream: No such file or directory in /var/www/vhosts/osticketawesome.com/httpdocs/2017/include/staff/theme.inc.php on line 153
[07-Jan-2018 03:59:30 UTC] PHP Warning:  file_get_contents(../osta/css/themes/custom/header-link-color.txt): failed to open stream: No such file or directory in /var/www/vhosts/osticketawesome.com/httpdocs/2017/include/staff/theme.inc.php on line 153
[07-Jan-2018 03:59:50 UTC] PHP Warning:  file_get_contents(../osta/css/themes/custom/header-link-color.txt): failed to open stream: No such file or directory in /var/www/vhosts/osticketawesome.com/httpdocs/2017/include/staff/theme.inc.php on line 153
[07-Jan-2018 04:00:46 UTC] PHP Warning:  file_get_contents(../osta/css/themes/custom/header-link-color.txt): failed to open stream: No such file or directory in /var/www/vhosts/osticketawesome.com/httpdocs/2017/include/staff/theme.inc.php on line 153
[07-Jan-2018 04:01:42 UTC] PHP Warning:  file_get_contents(../osta/css/themes/custom/header-link-color.txt): failed to open stream: No such file or directory in /var/www/vhosts/osticketawesome.com/httpdocs/2017/include/staff/theme.inc.php on line 153
[07-Jan-2018 04:01:43 UTC] PHP Warning:  file_get_contents(../osta/css/themes/custom/header-link-color.txt): failed to open stream: No such file or directory in /var/www/vhosts/osticketawesome.com/httpdocs/2017/include/staff/theme.inc.php on line 153
[07-Jan-2018 04:01:44 UTC] PHP Warning:  mail(/var/log/php-maillog): failed to open stream: Permission denied in /var/www/vhosts/osticketawesome.com/httpdocs/2017/include/pear/Mail/mail.php on line 156
[07-Jan-2018 04:01:54 UTC] PHP Warning:  file_get_contents(../osta/css/themes/custom/header-link-color.txt): failed to open stream: No such file or directory in /var/www/vhosts/osticketawesome.com/httpdocs/2017/include/staff/theme.inc.php on line 153
[07-Jan-2018 04:01:58 UTC] PHP Warning:  file_get_contents(../osta/css/themes/custom/header-link-color.txt): failed to open stream: No such file or directory in /var/www/vhosts/osticketawesome.com/httpdocs/2017/include/staff/theme.inc.php on line 153
[07-Jan-2018 04:02:48 UTC] PHP Warning:  file_get_contents(../osta/css/themes/custom/header-link-color.txt): failed to open stream: No such file or directory in /var/www/vhosts/osticketawesome.com/httpdocs/2017/include/staff/theme.inc.php on line 153
[07-Jan-2018 04:02:49 UTC] PHP Warning:  file_get_contents(../osta/css/themes/custom/header-link-color.txt): failed to open stream: No such file or directory in /var/www/vhosts/osticketawesome.com/httpdocs/2017/include/staff/theme.inc.php on line 153
[07-Jan-2018 04:02:54 UTC] PHP Warning:  file_get_contents(../osta/css/themes/custom/header-link-color.txt): failed to open stream: No such file or directory in /var/www/vhosts/osticketawesome.com/httpdocs/2017/include/staff/theme.inc.php on line 153
[07-Jan-2018 04:03:05 UTC] PHP Warning:  file_get_contents(../osta/css/themes/custom/header-link-color.txt): failed to open stream: No such file or directory in /var/www/vhosts/osticketawesome.com/httpdocs/2017/include/staff/theme.inc.php on line 153
[07-Jan-2018 04:03:15 UTC] PHP Warning:  file_get_contents(../osta/css/themes/custom/header-link-color.txt): failed to open stream: No such file or directory in /var/www/vhosts/osticketawesome.com/httpdocs/2017/include/staff/theme.inc.php on line 153
[07-Jan-2018 04:03:25 UTC] PHP Warning:  file_get_contents(../osta/css/themes/custom/header-link-color.txt): failed to open stream: No such file or directory in /var/www/vhosts/osticketawesome.com/httpdocs/2017/include/staff/theme.inc.php on line 153
[07-Jan-2018 04:06:29 UTC] PHP Warning:  file_get_contents(../osta/css/themes/custom/header-link-color.txt): failed to open stream: No such file or directory in /var/www/vhosts/osticketawesome.com/httpdocs/2017/include/staff/theme.inc.php on line 153
[07-Jan-2018 04:08:28 UTC] PHP Warning:  file_get_contents(../osta/css/themes/custom/header-link-color.txt): failed to open stream: No such file or directory in /var/www/vhosts/osticketawesome.com/httpdocs/2017/include/staff/theme.inc.php on line 153
[07-Jan-2018 04:08:34 UTC] PHP Warning:  file_get_contents(../osta/css/themes/custom/header-link-color.txt): failed to open stream: No such file or directory in /var/www/vhosts/osticketawesome.com/httpdocs/2017/include/staff/theme.inc.php on line 153
[07-Jan-2018 04:13:31 UTC] PHP Warning:  file_get_contents(../osta/css/themes/custom/header-link-color.txt): failed to open stream: No such file or directory in /var/www/vhosts/osticketawesome.com/httpdocs/2017/include/staff/theme.inc.php on line 153
[07-Jan-2018 04:13:47 UTC] PHP Warning:  file_get_contents(../osta/css/themes/custom/header-link-color.txt): failed to open stream: No such file or directory in /var/www/vhosts/osticketawesome.com/httpdocs/2017/include/staff/theme.inc.php on line 153
[07-Jan-2018 04:14:01 UTC] PHP Warning:  file_get_contents(../osta/css/themes/custom/header-link-color.txt): failed to open stream: No such file or directory in /var/www/vhosts/osticketawesome.com/httpdocs/2017/include/staff/theme.inc.php on line 153
[07-Jan-2018 04:18:06 UTC] PHP Warning:  file_get_contents(../osta/css/themes/custom/header-link-color.txt): failed to open stream: No such file or directory in /var/www/vhosts/osticketawesome.com/httpdocs/2017/include/staff/theme.inc.php on line 153
[07-Jan-2018 04:18:35 UTC] PHP Warning:  file_get_contents(../osta/css/themes/custom/header-link-color.txt): failed to open stream: No such file or directory in /var/www/vhosts/osticketawesome.com/httpdocs/2017/include/staff/theme.inc.php on line 153
[07-Jan-2018 04:19:04 UTC] PHP Warning:  file_get_contents(../osta/css/themes/custom/header-link-color.txt): failed to open stream: No such file or directory in /var/www/vhosts/osticketawesome.com/httpdocs/2017/include/staff/theme.inc.php on line 153
[07-Jan-2018 04:19:15 UTC] PHP Warning:  file_get_contents(../osta/css/themes/custom/header-link-color.txt): failed to open stream: No such file or directory in /var/www/vhosts/osticketawesome.com/httpdocs/2017/include/staff/theme.inc.php on line 153
