[25-Dec-2017 21:45:25 UTC] PHP Warning:  readfile(osta/css/themes/selected.txt): failed to open stream: No such file or directory in /var/www/vhosts/osticketawesome.com/httpdocs/2017/osta/inc/client-head.html on line 12
[25-Dec-2017 21:45:25 UTC] PHP Warning:  file_get_contents(osta/css/themes/title.txt): failed to open stream: No such file or directory in /var/www/vhosts/osticketawesome.com/httpdocs/2017/include/client/header.inc.php on line 126
[25-Dec-2017 21:45:25 UTC] PHP Warning:  file_get_contents(osta/css/themes/subtitle.txt): failed to open stream: No such file or directory in /var/www/vhosts/osticketawesome.com/httpdocs/2017/include/client/header.inc.php on line 132
[25-Dec-2017 21:45:25 UTC] PHP Warning:  readfile(osta/css/themes/selected.txt): failed to open stream: No such file or directory in /var/www/vhosts/osticketawesome.com/httpdocs/2017/osta/inc/client-head.html on line 12
[25-Dec-2017 21:45:56 UTC] PHP Warning:  readfile(osta/css/themes/selected.txt): failed to open stream: No such file or directory in /var/www/vhosts/osticketawesome.com/httpdocs/2017/osta/inc/client-head.html on line 12
[25-Dec-2017 21:45:56 UTC] PHP Warning:  file_get_contents(osta/css/themes/title.txt): failed to open stream: No such file or directory in /var/www/vhosts/osticketawesome.com/httpdocs/2017/include/client/header.inc.php on line 126
[25-Dec-2017 21:45:56 UTC] PHP Warning:  file_get_contents(osta/css/themes/subtitle.txt): failed to open stream: No such file or directory in /var/www/vhosts/osticketawesome.com/httpdocs/2017/include/client/header.inc.php on line 132
[25-Dec-2017 21:45:56 UTC] PHP Warning:  readfile(osta/css/themes/selected.txt): failed to open stream: No such file or directory in /var/www/vhosts/osticketawesome.com/httpdocs/2017/osta/inc/client-head.html on line 12
[25-Dec-2017 21:46:19 UTC] PHP Warning:  readfile(osta/css/themes/selected.txt): failed to open stream: No such file or directory in /var/www/vhosts/osticketawesome.com/httpdocs/2017/osta/inc/client-head.html on line 12
[25-Dec-2017 21:46:19 UTC] PHP Warning:  file_get_contents(osta/css/themes/title.txt): failed to open stream: No such file or directory in /var/www/vhosts/osticketawesome.com/httpdocs/2017/include/client/header.inc.php on line 126
[25-Dec-2017 21:46:19 UTC] PHP Warning:  file_get_contents(osta/css/themes/subtitle.txt): failed to open stream: No such file or directory in /var/www/vhosts/osticketawesome.com/httpdocs/2017/include/client/header.inc.php on line 132
[25-Dec-2017 21:46:19 UTC] PHP Warning:  readfile(osta/css/themes/selected.txt): failed to open stream: No such file or directory in /var/www/vhosts/osticketawesome.com/httpdocs/2017/osta/inc/client-head.html on line 12
[25-Dec-2017 21:53:33 UTC] PHP Warning:  readfile(osta/css/themes/selected.txt): failed to open stream: No such file or directory in /var/www/vhosts/osticketawesome.com/httpdocs/2017/osta/inc/client-head.html on line 12
[25-Dec-2017 21:53:33 UTC] PHP Warning:  file_get_contents(osta/css/themes/title.txt): failed to open stream: No such file or directory in /var/www/vhosts/osticketawesome.com/httpdocs/2017/include/client/header.inc.php on line 126
[25-Dec-2017 21:53:33 UTC] PHP Warning:  file_get_contents(osta/css/themes/subtitle.txt): failed to open stream: No such file or directory in /var/www/vhosts/osticketawesome.com/httpdocs/2017/include/client/header.inc.php on line 132
[25-Dec-2017 21:53:33 UTC] PHP Warning:  readfile(osta/css/themes/selected.txt): failed to open stream: No such file or directory in /var/www/vhosts/osticketawesome.com/httpdocs/2017/osta/inc/client-head.html on line 12
[25-Dec-2017 21:53:52 UTC] PHP Warning:  readfile(osta/css/themes/selected.txt): failed to open stream: No such file or directory in /var/www/vhosts/osticketawesome.com/httpdocs/2017/osta/inc/client-head.html on line 12
[25-Dec-2017 21:53:52 UTC] PHP Warning:  file_get_contents(osta/css/themes/title.txt): failed to open stream: No such file or directory in /var/www/vhosts/osticketawesome.com/httpdocs/2017/include/client/header.inc.php on line 126
[25-Dec-2017 21:53:52 UTC] PHP Warning:  file_get_contents(osta/css/themes/subtitle.txt): failed to open stream: No such file or directory in /var/www/vhosts/osticketawesome.com/httpdocs/2017/include/client/header.inc.php on line 132
[25-Dec-2017 21:53:52 UTC] PHP Warning:  readfile(osta/css/themes/selected.txt): failed to open stream: No such file or directory in /var/www/vhosts/osticketawesome.com/httpdocs/2017/osta/inc/client-head.html on line 12
[25-Dec-2017 21:56:38 UTC] PHP Warning:  readfile(osta/css/themes/selected.txt): failed to open stream: No such file or directory in /var/www/vhosts/osticketawesome.com/httpdocs/2017/osta/inc/client-head.html on line 12
[25-Dec-2017 21:56:38 UTC] PHP Warning:  file_get_contents(osta/css/themes/title.txt): failed to open stream: No such file or directory in /var/www/vhosts/osticketawesome.com/httpdocs/2017/include/client/header.inc.php on line 126
[25-Dec-2017 21:56:38 UTC] PHP Warning:  file_get_contents(osta/css/themes/subtitle.txt): failed to open stream: No such file or directory in /var/www/vhosts/osticketawesome.com/httpdocs/2017/include/client/header.inc.php on line 132
[25-Dec-2017 21:56:38 UTC] PHP Warning:  readfile(osta/css/themes/selected.txt): failed to open stream: No such file or directory in /var/www/vhosts/osticketawesome.com/httpdocs/2017/osta/inc/client-head.html on line 12
[25-Dec-2017 22:02:20 UTC] PHP Warning:  readfile(osta/css/themes/selected.txt): failed to open stream: No such file or directory in /var/www/vhosts/osticketawesome.com/httpdocs/2017/osta/inc/client-head.html on line 12
[25-Dec-2017 22:02:20 UTC] PHP Warning:  file_get_contents(osta/css/themes/title.txt): failed to open stream: No such file or directory in /var/www/vhosts/osticketawesome.com/httpdocs/2017/include/client/header.inc.php on line 126
[25-Dec-2017 22:02:20 UTC] PHP Warning:  file_get_contents(osta/css/themes/subtitle.txt): failed to open stream: No such file or directory in /var/www/vhosts/osticketawesome.com/httpdocs/2017/include/client/header.inc.php on line 132
[25-Dec-2017 22:02:20 UTC] PHP Warning:  readfile(osta/css/themes/selected.txt): failed to open stream: No such file or directory in /var/www/vhosts/osticketawesome.com/httpdocs/2017/osta/inc/client-head.html on line 12
[25-Dec-2017 22:02:35 UTC] PHP Warning:  readfile(osta/css/themes/selected.txt): failed to open stream: No such file or directory in /var/www/vhosts/osticketawesome.com/httpdocs/2017/osta/inc/client-head.html on line 12
[25-Dec-2017 22:02:35 UTC] PHP Warning:  file_get_contents(osta/css/themes/title.txt): failed to open stream: No such file or directory in /var/www/vhosts/osticketawesome.com/httpdocs/2017/include/client/header.inc.php on line 126
[25-Dec-2017 22:02:35 UTC] PHP Warning:  file_get_contents(osta/css/themes/subtitle.txt): failed to open stream: No such file or directory in /var/www/vhosts/osticketawesome.com/httpdocs/2017/include/client/header.inc.php on line 132
[25-Dec-2017 22:02:35 UTC] PHP Warning:  readfile(osta/css/themes/selected.txt): failed to open stream: No such file or directory in /var/www/vhosts/osticketawesome.com/httpdocs/2017/osta/inc/client-head.html on line 12
[25-Dec-2017 23:36:26 UTC] PHP Warning:  readfile(osta/css/themes/selected.txt): failed to open stream: No such file or directory in /var/www/vhosts/osticketawesome.com/httpdocs/2017/osta/inc/client-head.html on line 12
[25-Dec-2017 23:36:26 UTC] PHP Warning:  file_get_contents(osta/css/themes/title.txt): failed to open stream: No such file or directory in /var/www/vhosts/osticketawesome.com/httpdocs/2017/include/client/header.inc.php on line 126
[25-Dec-2017 23:36:26 UTC] PHP Warning:  file_get_contents(osta/css/themes/subtitle.txt): failed to open stream: No such file or directory in /var/www/vhosts/osticketawesome.com/httpdocs/2017/include/client/header.inc.php on line 132
[25-Dec-2017 23:36:26 UTC] PHP Warning:  readfile(osta/css/themes/selected.txt): failed to open stream: No such file or directory in /var/www/vhosts/osticketawesome.com/httpdocs/2017/osta/inc/client-head.html on line 12
[26-Dec-2017 00:36:00 UTC] PHP Warning:  readfile(osta/css/themes/selected.txt): failed to open stream: No such file or directory in /var/www/vhosts/osticketawesome.com/httpdocs/2017/osta/inc/client-head.html on line 12
[26-Dec-2017 00:36:00 UTC] PHP Warning:  file_get_contents(osta/css/themes/title.txt): failed to open stream: No such file or directory in /var/www/vhosts/osticketawesome.com/httpdocs/2017/include/client/header.inc.php on line 126
[26-Dec-2017 00:36:00 UTC] PHP Warning:  file_get_contents(osta/css/themes/subtitle.txt): failed to open stream: No such file or directory in /var/www/vhosts/osticketawesome.com/httpdocs/2017/include/client/header.inc.php on line 132
[26-Dec-2017 00:36:00 UTC] PHP Warning:  readfile(osta/css/themes/selected.txt): failed to open stream: No such file or directory in /var/www/vhosts/osticketawesome.com/httpdocs/2017/osta/inc/client-head.html on line 12
[26-Dec-2017 00:36:08 UTC] PHP Warning:  readfile(osta/css/themes/selected.txt): failed to open stream: No such file or directory in /var/www/vhosts/osticketawesome.com/httpdocs/2017/osta/inc/client-head.html on line 12
[26-Dec-2017 00:36:08 UTC] PHP Warning:  file_get_contents(osta/css/themes/title.txt): failed to open stream: No such file or directory in /var/www/vhosts/osticketawesome.com/httpdocs/2017/include/client/header.inc.php on line 126
[26-Dec-2017 00:36:08 UTC] PHP Warning:  file_get_contents(osta/css/themes/subtitle.txt): failed to open stream: No such file or directory in /var/www/vhosts/osticketawesome.com/httpdocs/2017/include/client/header.inc.php on line 132
[26-Dec-2017 00:36:08 UTC] PHP Warning:  readfile(osta/css/themes/selected.txt): failed to open stream: No such file or directory in /var/www/vhosts/osticketawesome.com/httpdocs/2017/osta/inc/client-head.html on line 12
[26-Dec-2017 00:36:17 UTC] PHP Warning:  readfile(osta/css/themes/selected.txt): failed to open stream: No such file or directory in /var/www/vhosts/osticketawesome.com/httpdocs/2017/osta/inc/client-head.html on line 12
[26-Dec-2017 00:36:17 UTC] PHP Warning:  file_get_contents(osta/css/themes/title.txt): failed to open stream: No such file or directory in /var/www/vhosts/osticketawesome.com/httpdocs/2017/include/client/header.inc.php on line 126
[26-Dec-2017 00:36:17 UTC] PHP Warning:  file_get_contents(osta/css/themes/subtitle.txt): failed to open stream: No such file or directory in /var/www/vhosts/osticketawesome.com/httpdocs/2017/include/client/header.inc.php on line 132
[26-Dec-2017 00:36:17 UTC] PHP Warning:  readfile(osta/css/themes/selected.txt): failed to open stream: No such file or directory in /var/www/vhosts/osticketawesome.com/httpdocs/2017/osta/inc/client-head.html on line 12
[26-Dec-2017 00:36:23 UTC] PHP Warning:  readfile(osta/css/themes/selected.txt): failed to open stream: No such file or directory in /var/www/vhosts/osticketawesome.com/httpdocs/2017/osta/inc/client-head.html on line 12
[26-Dec-2017 00:36:23 UTC] PHP Warning:  file_get_contents(osta/css/themes/title.txt): failed to open stream: No such file or directory in /var/www/vhosts/osticketawesome.com/httpdocs/2017/include/client/header.inc.php on line 126
[26-Dec-2017 00:36:23 UTC] PHP Warning:  file_get_contents(osta/css/themes/subtitle.txt): failed to open stream: No such file or directory in /var/www/vhosts/osticketawesome.com/httpdocs/2017/include/client/header.inc.php on line 132
[26-Dec-2017 00:36:23 UTC] PHP Warning:  readfile(osta/css/themes/selected.txt): failed to open stream: No such file or directory in /var/www/vhosts/osticketawesome.com/httpdocs/2017/osta/inc/client-head.html on line 12
[26-Dec-2017 00:37:00 UTC] PHP Warning:  readfile(osta/css/themes/selected.txt): failed to open stream: No such file or directory in /var/www/vhosts/osticketawesome.com/httpdocs/2017/osta/inc/client-head.html on line 12
[26-Dec-2017 00:37:00 UTC] PHP Warning:  file_get_contents(osta/css/themes/title.txt): failed to open stream: No such file or directory in /var/www/vhosts/osticketawesome.com/httpdocs/2017/include/client/header.inc.php on line 126
[26-Dec-2017 00:37:00 UTC] PHP Warning:  file_get_contents(osta/css/themes/subtitle.txt): failed to open stream: No such file or directory in /var/www/vhosts/osticketawesome.com/httpdocs/2017/include/client/header.inc.php on line 132
[26-Dec-2017 00:37:00 UTC] PHP Warning:  readfile(osta/css/themes/selected.txt): failed to open stream: No such file or directory in /var/www/vhosts/osticketawesome.com/httpdocs/2017/osta/inc/client-head.html on line 12
[26-Dec-2017 00:37:38 UTC] PHP Warning:  readfile(osta/css/themes/selected.txt): failed to open stream: No such file or directory in /var/www/vhosts/osticketawesome.com/httpdocs/2017/osta/inc/client-head.html on line 12
[26-Dec-2017 00:37:38 UTC] PHP Warning:  file_get_contents(osta/css/themes/title.txt): failed to open stream: No such file or directory in /var/www/vhosts/osticketawesome.com/httpdocs/2017/include/client/header.inc.php on line 126
[26-Dec-2017 00:37:38 UTC] PHP Warning:  file_get_contents(osta/css/themes/subtitle.txt): failed to open stream: No such file or directory in /var/www/vhosts/osticketawesome.com/httpdocs/2017/include/client/header.inc.php on line 132
[26-Dec-2017 00:37:38 UTC] PHP Warning:  readfile(osta/css/themes/selected.txt): failed to open stream: No such file or directory in /var/www/vhosts/osticketawesome.com/httpdocs/2017/osta/inc/client-head.html on line 12
[26-Dec-2017 00:41:42 UTC] PHP Warning:  readfile(osta/css/themes/selected.txt): failed to open stream: No such file or directory in /var/www/vhosts/osticketawesome.com/httpdocs/2017/osta/inc/client-head.html on line 12
[26-Dec-2017 00:41:42 UTC] PHP Warning:  file_get_contents(osta/css/themes/title.txt): failed to open stream: No such file or directory in /var/www/vhosts/osticketawesome.com/httpdocs/2017/include/client/header.inc.php on line 126
[26-Dec-2017 00:41:42 UTC] PHP Warning:  file_get_contents(osta/css/themes/subtitle.txt): failed to open stream: No such file or directory in /var/www/vhosts/osticketawesome.com/httpdocs/2017/include/client/header.inc.php on line 132
[26-Dec-2017 00:41:42 UTC] PHP Warning:  readfile(osta/css/themes/selected.txt): failed to open stream: No such file or directory in /var/www/vhosts/osticketawesome.com/httpdocs/2017/osta/inc/client-head.html on line 12
[26-Dec-2017 00:42:12 UTC] PHP Warning:  readfile(osta/css/themes/selected.txt): failed to open stream: No such file or directory in /var/www/vhosts/osticketawesome.com/httpdocs/2017/osta/inc/client-head.html on line 12
[26-Dec-2017 00:42:12 UTC] PHP Warning:  file_get_contents(osta/css/themes/title.txt): failed to open stream: No such file or directory in /var/www/vhosts/osticketawesome.com/httpdocs/2017/include/client/header.inc.php on line 126
[26-Dec-2017 00:42:12 UTC] PHP Warning:  file_get_contents(osta/css/themes/subtitle.txt): failed to open stream: No such file or directory in /var/www/vhosts/osticketawesome.com/httpdocs/2017/include/client/header.inc.php on line 132
[26-Dec-2017 00:42:12 UTC] PHP Warning:  readfile(osta/css/themes/selected.txt): failed to open stream: No such file or directory in /var/www/vhosts/osticketawesome.com/httpdocs/2017/osta/inc/client-head.html on line 12
[26-Dec-2017 00:44:30 UTC] PHP Warning:  readfile(osta/css/themes/selected.txt): failed to open stream: No such file or directory in /var/www/vhosts/osticketawesome.com/httpdocs/2017/osta/inc/client-head.html on line 12
[26-Dec-2017 00:44:30 UTC] PHP Warning:  file_get_contents(osta/css/themes/title.txt): failed to open stream: No such file or directory in /var/www/vhosts/osticketawesome.com/httpdocs/2017/include/client/header.inc.php on line 126
[26-Dec-2017 00:44:30 UTC] PHP Warning:  file_get_contents(osta/css/themes/subtitle.txt): failed to open stream: No such file or directory in /var/www/vhosts/osticketawesome.com/httpdocs/2017/include/client/header.inc.php on line 132
[26-Dec-2017 00:44:30 UTC] PHP Warning:  readfile(osta/css/themes/selected.txt): failed to open stream: No such file or directory in /var/www/vhosts/osticketawesome.com/httpdocs/2017/osta/inc/client-head.html on line 12
[26-Dec-2017 00:44:37 UTC] PHP Warning:  readfile(osta/css/themes/selected.txt): failed to open stream: No such file or directory in /var/www/vhosts/osticketawesome.com/httpdocs/2017/osta/inc/client-head.html on line 12
[26-Dec-2017 00:44:37 UTC] PHP Warning:  file_get_contents(osta/css/themes/title.txt): failed to open stream: No such file or directory in /var/www/vhosts/osticketawesome.com/httpdocs/2017/include/client/header.inc.php on line 126
[26-Dec-2017 00:44:37 UTC] PHP Warning:  file_get_contents(osta/css/themes/subtitle.txt): failed to open stream: No such file or directory in /var/www/vhosts/osticketawesome.com/httpdocs/2017/include/client/header.inc.php on line 132
[26-Dec-2017 00:44:37 UTC] PHP Warning:  readfile(osta/css/themes/selected.txt): failed to open stream: No such file or directory in /var/www/vhosts/osticketawesome.com/httpdocs/2017/osta/inc/client-head.html on line 12
[26-Dec-2017 00:46:58 UTC] PHP Warning:  readfile(ROOT_PATH;/osta/css/themes/selected.txt): failed to open stream: No such file or directory in /var/www/vhosts/osticketawesome.com/httpdocs/2017/osta/inc/client-head.html on line 12
[26-Dec-2017 00:46:58 UTC] PHP Warning:  file_get_contents(osta/css/themes/title.txt): failed to open stream: No such file or directory in /var/www/vhosts/osticketawesome.com/httpdocs/2017/include/client/header.inc.php on line 126
[26-Dec-2017 00:46:58 UTC] PHP Warning:  file_get_contents(osta/css/themes/subtitle.txt): failed to open stream: No such file or directory in /var/www/vhosts/osticketawesome.com/httpdocs/2017/include/client/header.inc.php on line 132
[26-Dec-2017 00:46:58 UTC] PHP Warning:  readfile(ROOT_PATH;/osta/css/themes/selected.txt): failed to open stream: No such file or directory in /var/www/vhosts/osticketawesome.com/httpdocs/2017/osta/inc/client-head.html on line 12
[26-Dec-2017 00:50:24 UTC] PHP Warning:  readfile(ROOT_PATH;/osta/css/themes/selected.txt): failed to open stream: No such file or directory in /var/www/vhosts/osticketawesome.com/httpdocs/2017/osta/inc/client-head.html on line 12
[26-Dec-2017 00:50:24 UTC] PHP Warning:  file_get_contents(osta/css/themes/title.txt): failed to open stream: No such file or directory in /var/www/vhosts/osticketawesome.com/httpdocs/2017/include/client/header.inc.php on line 126
[26-Dec-2017 00:50:24 UTC] PHP Warning:  file_get_contents(osta/css/themes/subtitle.txt): failed to open stream: No such file or directory in /var/www/vhosts/osticketawesome.com/httpdocs/2017/include/client/header.inc.php on line 132
[26-Dec-2017 00:50:24 UTC] PHP Warning:  readfile(ROOT_PATH;/osta/css/themes/selected.txt): failed to open stream: No such file or directory in /var/www/vhosts/osticketawesome.com/httpdocs/2017/osta/inc/client-head.html on line 12
[26-Dec-2017 00:50:42 UTC] PHP Warning:  readfile(osta/css/themes/selected.txt): failed to open stream: No such file or directory in /var/www/vhosts/osticketawesome.com/httpdocs/2017/osta/inc/client-head.html on line 12
[26-Dec-2017 00:50:42 UTC] PHP Warning:  file_get_contents(osta/css/themes/title.txt): failed to open stream: No such file or directory in /var/www/vhosts/osticketawesome.com/httpdocs/2017/include/client/header.inc.php on line 126
[26-Dec-2017 00:50:42 UTC] PHP Warning:  file_get_contents(osta/css/themes/subtitle.txt): failed to open stream: No such file or directory in /var/www/vhosts/osticketawesome.com/httpdocs/2017/include/client/header.inc.php on line 132
[26-Dec-2017 00:50:42 UTC] PHP Warning:  readfile(osta/css/themes/selected.txt): failed to open stream: No such file or directory in /var/www/vhosts/osticketawesome.com/httpdocs/2017/osta/inc/client-head.html on line 12
[26-Dec-2017 00:52:49 UTC] PHP Warning:  readfile(osta/css/themes/selected.txt): failed to open stream: No such file or directory in /var/www/vhosts/osticketawesome.com/httpdocs/2017/osta/inc/client-head.html on line 12
[26-Dec-2017 00:52:49 UTC] PHP Warning:  file_get_contents(osta/css/themes/title.txt): failed to open stream: No such file or directory in /var/www/vhosts/osticketawesome.com/httpdocs/2017/include/client/header.inc.php on line 126
[26-Dec-2017 00:52:49 UTC] PHP Warning:  file_get_contents(osta/css/themes/subtitle.txt): failed to open stream: No such file or directory in /var/www/vhosts/osticketawesome.com/httpdocs/2017/include/client/header.inc.php on line 132
[26-Dec-2017 00:52:49 UTC] PHP Warning:  readfile(osta/css/themes/selected.txt): failed to open stream: No such file or directory in /var/www/vhosts/osticketawesome.com/httpdocs/2017/osta/inc/client-head.html on line 12
[26-Dec-2017 00:55:08 UTC] PHP Warning:  readfile(osta/css/themes/selected.txt): failed to open stream: No such file or directory in /var/www/vhosts/osticketawesome.com/httpdocs/2017/osta/inc/client-head.html on line 12
[26-Dec-2017 00:55:08 UTC] PHP Warning:  file_get_contents(osta/css/themes/title.txt): failed to open stream: No such file or directory in /var/www/vhosts/osticketawesome.com/httpdocs/2017/include/client/header.inc.php on line 126
[26-Dec-2017 00:55:08 UTC] PHP Warning:  file_get_contents(osta/css/themes/subtitle.txt): failed to open stream: No such file or directory in /var/www/vhosts/osticketawesome.com/httpdocs/2017/include/client/header.inc.php on line 132
[26-Dec-2017 00:55:08 UTC] PHP Warning:  readfile(osta/css/themes/selected.txt): failed to open stream: No such file or directory in /var/www/vhosts/osticketawesome.com/httpdocs/2017/osta/inc/client-head.html on line 12
[26-Dec-2017 00:57:11 UTC] PHP Warning:  readfile(osta/css/themes/selected.txt): failed to open stream: No such file or directory in /var/www/vhosts/osticketawesome.com/httpdocs/2017/osta/inc/client-head.html on line 12
[26-Dec-2017 00:57:11 UTC] PHP Warning:  file_get_contents(osta/css/themes/title.txt): failed to open stream: No such file or directory in /var/www/vhosts/osticketawesome.com/httpdocs/2017/include/client/header.inc.php on line 126
[26-Dec-2017 00:57:11 UTC] PHP Warning:  file_get_contents(osta/css/themes/subtitle.txt): failed to open stream: No such file or directory in /var/www/vhosts/osticketawesome.com/httpdocs/2017/include/client/header.inc.php on line 132
[26-Dec-2017 00:57:11 UTC] PHP Warning:  readfile(osta/css/themes/selected.txt): failed to open stream: No such file or directory in /var/www/vhosts/osticketawesome.com/httpdocs/2017/osta/inc/client-head.html on line 12
[26-Dec-2017 00:57:33 UTC] PHP Warning:  readfile(osta/css/themes/selected.txt): failed to open stream: No such file or directory in /var/www/vhosts/osticketawesome.com/httpdocs/2017/osta/inc/client-head.html on line 12
[26-Dec-2017 00:57:33 UTC] PHP Warning:  file_get_contents(osta/css/themes/title.txt): failed to open stream: No such file or directory in /var/www/vhosts/osticketawesome.com/httpdocs/2017/include/client/header.inc.php on line 126
[26-Dec-2017 00:57:33 UTC] PHP Warning:  file_get_contents(osta/css/themes/subtitle.txt): failed to open stream: No such file or directory in /var/www/vhosts/osticketawesome.com/httpdocs/2017/include/client/header.inc.php on line 132
[26-Dec-2017 00:57:33 UTC] PHP Warning:  readfile(osta/css/themes/selected.txt): failed to open stream: No such file or directory in /var/www/vhosts/osticketawesome.com/httpdocs/2017/osta/inc/client-head.html on line 12
[26-Dec-2017 00:57:43 UTC] PHP Warning:  readfile(osta/css/themes/selected.txt): failed to open stream: No such file or directory in /var/www/vhosts/osticketawesome.com/httpdocs/2017/osta/inc/client-head.html on line 12
[26-Dec-2017 00:57:43 UTC] PHP Warning:  file_get_contents(osta/css/themes/title.txt): failed to open stream: No such file or directory in /var/www/vhosts/osticketawesome.com/httpdocs/2017/include/client/header.inc.php on line 126
[26-Dec-2017 00:57:43 UTC] PHP Warning:  file_get_contents(osta/css/themes/subtitle.txt): failed to open stream: No such file or directory in /var/www/vhosts/osticketawesome.com/httpdocs/2017/include/client/header.inc.php on line 132
[26-Dec-2017 00:57:43 UTC] PHP Warning:  readfile(osta/css/themes/selected.txt): failed to open stream: No such file or directory in /var/www/vhosts/osticketawesome.com/httpdocs/2017/osta/inc/client-head.html on line 12
[26-Dec-2017 00:57:54 UTC] PHP Warning:  readfile(osta/css/themes/selected.txt):  in /var/www/vhosts/osticketawesome.com/httpdocs/2017/osta/inc/client-head.html on line 12
[26-Dec-2017 00:57:54 UTC] PHP Warning:  file_get_contents(osta/css/themes/title.txt):  in /var/www/vhosts/osticketawesome.com/httpdocs/2017/include/client/header.inc.php on line 126
[26-Dec-2017 00:57:54 UTC] PHP Warning:  file_get_contents(osta/css/themes/subtitle.txt):  in /var/www/vhosts/osticketawesome.com/httpdocs/2017/include/client/header.inc.php on line 132
[26-Dec-2017 00:57:54 UTC] PHP Warning:  readfile(osta/css/themes/selected.txt):  in /var/www/vhosts/osticketawesome.com/httpdocs/2017/osta/inc/client-head.html on line 12
[27-Dec-2017 07:12:58 UTC] PHP Warning:  readfile(osta/css/themes/selected.txt): failed to open stream: No such file or directory in /var/www/vhosts/osticketawesome.com/httpdocs/2017/osta/inc/client-head.html on line 12
[27-Dec-2017 07:12:58 UTC] PHP Warning:  file_get_contents(osta/css/themes/title.txt): failed to open stream: No such file or directory in /var/www/vhosts/osticketawesome.com/httpdocs/2017/include/client/header.inc.php on line 126
[27-Dec-2017 07:12:58 UTC] PHP Warning:  file_get_contents(osta/css/themes/subtitle.txt): failed to open stream: No such file or directory in /var/www/vhosts/osticketawesome.com/httpdocs/2017/include/client/header.inc.php on line 132
[27-Dec-2017 07:13:19 UTC] PHP Warning:  readfile(osta/css/themes/selected.txt): failed to open stream: No such file or directory in /var/www/vhosts/osticketawesome.com/httpdocs/2017/osta/inc/client-head.html on line 12
[27-Dec-2017 07:13:19 UTC] PHP Warning:  file_get_contents(osta/css/themes/title.txt): failed to open stream: No such file or directory in /var/www/vhosts/osticketawesome.com/httpdocs/2017/include/client/header.inc.php on line 126
[27-Dec-2017 07:13:19 UTC] PHP Warning:  file_get_contents(osta/css/themes/subtitle.txt): failed to open stream: No such file or directory in /var/www/vhosts/osticketawesome.com/httpdocs/2017/include/client/header.inc.php on line 132
[27-Dec-2017 07:15:08 UTC] PHP Warning:  readfile(osta/css/themes/selected.txt): failed to open stream: No such file or directory in /var/www/vhosts/osticketawesome.com/httpdocs/2017/osta/inc/client-head.html on line 12
[27-Dec-2017 07:15:08 UTC] PHP Warning:  file_get_contents(osta/css/themes/title.txt): failed to open stream: No such file or directory in /var/www/vhosts/osticketawesome.com/httpdocs/2017/include/client/header.inc.php on line 126
[27-Dec-2017 07:15:08 UTC] PHP Warning:  file_get_contents(osta/css/themes/subtitle.txt): failed to open stream: No such file or directory in /var/www/vhosts/osticketawesome.com/httpdocs/2017/include/client/header.inc.php on line 132
[27-Dec-2017 07:16:06 UTC] PHP Warning:  readfile(osta/css/themes/selected.txt): failed to open stream: No such file or directory in /var/www/vhosts/osticketawesome.com/httpdocs/2017/osta/inc/client-head.html on line 12
[27-Dec-2017 07:16:06 UTC] PHP Warning:  file_get_contents(osta/css/themes/title.txt): failed to open stream: No such file or directory in /var/www/vhosts/osticketawesome.com/httpdocs/2017/include/client/header.inc.php on line 126
[27-Dec-2017 07:16:06 UTC] PHP Warning:  file_get_contents(osta/css/themes/subtitle.txt): failed to open stream: No such file or directory in /var/www/vhosts/osticketawesome.com/httpdocs/2017/include/client/header.inc.php on line 132
[27-Dec-2017 07:17:06 UTC] PHP Warning:  readfile(osta/css/themes/selected.txt): failed to open stream: No such file or directory in /var/www/vhosts/osticketawesome.com/httpdocs/2017/osta/inc/client-head.html on line 12
[27-Dec-2017 07:17:06 UTC] PHP Warning:  file_get_contents(osta/css/themes/title.txt): failed to open stream: No such file or directory in /var/www/vhosts/osticketawesome.com/httpdocs/2017/include/client/header.inc.php on line 126
[27-Dec-2017 07:17:06 UTC] PHP Warning:  file_get_contents(osta/css/themes/subtitle.txt): failed to open stream: No such file or directory in /var/www/vhosts/osticketawesome.com/httpdocs/2017/include/client/header.inc.php on line 132
[27-Dec-2017 19:41:53 UTC] PHP Warning:  readfile(osta/css/themes/selected.txt): failed to open stream: No such file or directory in /var/www/vhosts/osticketawesome.com/httpdocs/2017/osta/inc/client-head.html on line 12
[27-Dec-2017 19:41:53 UTC] PHP Warning:  file_get_contents(osta/css/themes/title.txt): failed to open stream: No such file or directory in /var/www/vhosts/osticketawesome.com/httpdocs/2017/include/client/header.inc.php on line 126
[27-Dec-2017 19:41:53 UTC] PHP Warning:  file_get_contents(osta/css/themes/subtitle.txt): failed to open stream: No such file or directory in /var/www/vhosts/osticketawesome.com/httpdocs/2017/include/client/header.inc.php on line 132
[27-Dec-2017 19:42:15 UTC] PHP Warning:  readfile(osta/css/themes/selected.txt): failed to open stream: No such file or directory in /var/www/vhosts/osticketawesome.com/httpdocs/2017/osta/inc/client-head.html on line 12
[27-Dec-2017 19:42:15 UTC] PHP Warning:  file_get_contents(osta/css/themes/title.txt): failed to open stream: No such file or directory in /var/www/vhosts/osticketawesome.com/httpdocs/2017/include/client/header.inc.php on line 126
[27-Dec-2017 19:42:15 UTC] PHP Warning:  file_get_contents(osta/css/themes/subtitle.txt): failed to open stream: No such file or directory in /var/www/vhosts/osticketawesome.com/httpdocs/2017/include/client/header.inc.php on line 132
[27-Dec-2017 19:47:41 UTC] PHP Warning:  readfile(osta/css/themes/selected.txt): failed to open stream: No such file or directory in /var/www/vhosts/osticketawesome.com/httpdocs/2017/osta/inc/client-head.html on line 12
[27-Dec-2017 19:47:41 UTC] PHP Warning:  file_get_contents(osta/css/themes/title.txt): failed to open stream: No such file or directory in /var/www/vhosts/osticketawesome.com/httpdocs/2017/include/client/header.inc.php on line 126
[27-Dec-2017 19:47:41 UTC] PHP Warning:  file_get_contents(osta/css/themes/subtitle.txt): failed to open stream: No such file or directory in /var/www/vhosts/osticketawesome.com/httpdocs/2017/include/client/header.inc.php on line 132
[27-Dec-2017 19:49:47 UTC] PHP Warning:  readfile(osta/css/themes/selected.txt): failed to open stream: No such file or directory in /var/www/vhosts/osticketawesome.com/httpdocs/2017/osta/inc/client-head.html on line 12
[27-Dec-2017 19:49:47 UTC] PHP Warning:  file_get_contents(osta/css/themes/title.txt): failed to open stream: No such file or directory in /var/www/vhosts/osticketawesome.com/httpdocs/2017/include/client/header.inc.php on line 126
[27-Dec-2017 19:49:47 UTC] PHP Warning:  file_get_contents(osta/css/themes/subtitle.txt): failed to open stream: No such file or directory in /var/www/vhosts/osticketawesome.com/httpdocs/2017/include/client/header.inc.php on line 132
[27-Dec-2017 19:50:59 UTC] PHP Warning:  readfile(osta/css/themes/selected.txt): failed to open stream: No such file or directory in /var/www/vhosts/osticketawesome.com/httpdocs/2017/osta/inc/client-head.html on line 12
[27-Dec-2017 19:50:59 UTC] PHP Warning:  file_get_contents(osta/css/themes/title.txt): failed to open stream: No such file or directory in /var/www/vhosts/osticketawesome.com/httpdocs/2017/include/client/header.inc.php on line 126
[27-Dec-2017 19:50:59 UTC] PHP Warning:  file_get_contents(osta/css/themes/subtitle.txt): failed to open stream: No such file or directory in /var/www/vhosts/osticketawesome.com/httpdocs/2017/include/client/header.inc.php on line 132
[27-Dec-2017 19:51:35 UTC] PHP Warning:  readfile(osta/css/themes/selected.txt): failed to open stream: No such file or directory in /var/www/vhosts/osticketawesome.com/httpdocs/2017/osta/inc/client-head.html on line 12
[27-Dec-2017 19:51:35 UTC] PHP Warning:  file_get_contents(osta/css/themes/title.txt): failed to open stream: No such file or directory in /var/www/vhosts/osticketawesome.com/httpdocs/2017/include/client/header.inc.php on line 126
[27-Dec-2017 19:51:35 UTC] PHP Warning:  file_get_contents(osta/css/themes/subtitle.txt): failed to open stream: No such file or directory in /var/www/vhosts/osticketawesome.com/httpdocs/2017/include/client/header.inc.php on line 132
[27-Dec-2017 19:53:23 UTC] PHP Warning:  readfile(osta/css/themes/selected.txt): failed to open stream: No such file or directory in /var/www/vhosts/osticketawesome.com/httpdocs/2017/osta/inc/client-head.html on line 12
[27-Dec-2017 19:53:23 UTC] PHP Warning:  file_get_contents(osta/css/themes/title.txt): failed to open stream: No such file or directory in /var/www/vhosts/osticketawesome.com/httpdocs/2017/include/client/header.inc.php on line 126
[27-Dec-2017 19:53:23 UTC] PHP Warning:  file_get_contents(osta/css/themes/subtitle.txt): failed to open stream: No such file or directory in /var/www/vhosts/osticketawesome.com/httpdocs/2017/include/client/header.inc.php on line 132
[27-Dec-2017 19:54:33 UTC] PHP Warning:  readfile(osta/css/themes/selected.txt): failed to open stream: No such file or directory in /var/www/vhosts/osticketawesome.com/httpdocs/2017/osta/inc/client-head.html on line 12
[27-Dec-2017 19:54:33 UTC] PHP Warning:  file_get_contents(osta/css/themes/title.txt): failed to open stream: No such file or directory in /var/www/vhosts/osticketawesome.com/httpdocs/2017/include/client/header.inc.php on line 126
[27-Dec-2017 19:54:33 UTC] PHP Warning:  file_get_contents(osta/css/themes/subtitle.txt): failed to open stream: No such file or directory in /var/www/vhosts/osticketawesome.com/httpdocs/2017/include/client/header.inc.php on line 132
[27-Dec-2017 19:54:56 UTC] PHP Warning:  readfile(osta/css/themes/selected.txt): failed to open stream: No such file or directory in /var/www/vhosts/osticketawesome.com/httpdocs/2017/osta/inc/client-head.html on line 12
[27-Dec-2017 19:54:56 UTC] PHP Warning:  file_get_contents(osta/css/themes/title.txt): failed to open stream: No such file or directory in /var/www/vhosts/osticketawesome.com/httpdocs/2017/include/client/header.inc.php on line 126
[27-Dec-2017 19:54:56 UTC] PHP Warning:  file_get_contents(osta/css/themes/subtitle.txt): failed to open stream: No such file or directory in /var/www/vhosts/osticketawesome.com/httpdocs/2017/include/client/header.inc.php on line 132
[27-Dec-2017 19:55:02 UTC] PHP Warning:  readfile(osta/css/themes/selected.txt): failed to open stream: No such file or directory in /var/www/vhosts/osticketawesome.com/httpdocs/2017/osta/inc/client-head.html on line 12
[27-Dec-2017 19:55:02 UTC] PHP Warning:  file_get_contents(osta/css/themes/title.txt): failed to open stream: No such file or directory in /var/www/vhosts/osticketawesome.com/httpdocs/2017/include/client/header.inc.php on line 126
[27-Dec-2017 19:55:02 UTC] PHP Warning:  file_get_contents(osta/css/themes/subtitle.txt): failed to open stream: No such file or directory in /var/www/vhosts/osticketawesome.com/httpdocs/2017/include/client/header.inc.php on line 132
[27-Dec-2017 19:56:24 UTC] PHP Warning:  readfile(osta/css/themes/selected.txt): failed to open stream: No such file or directory in /var/www/vhosts/osticketawesome.com/httpdocs/2017/osta/inc/client-head.html on line 12
[27-Dec-2017 19:56:24 UTC] PHP Warning:  file_get_contents(osta/css/themes/title.txt): failed to open stream: No such file or directory in /var/www/vhosts/osticketawesome.com/httpdocs/2017/include/client/header.inc.php on line 126
[27-Dec-2017 19:56:24 UTC] PHP Warning:  file_get_contents(osta/css/themes/subtitle.txt): failed to open stream: No such file or directory in /var/www/vhosts/osticketawesome.com/httpdocs/2017/include/client/header.inc.php on line 132
[27-Dec-2017 19:57:39 UTC] PHP Warning:  readfile(osta/css/themes/selected.txt): failed to open stream: No such file or directory in /var/www/vhosts/osticketawesome.com/httpdocs/2017/osta/inc/client-head.html on line 12
[27-Dec-2017 19:57:39 UTC] PHP Warning:  file_get_contents(osta/css/themes/title.txt): failed to open stream: No such file or directory in /var/www/vhosts/osticketawesome.com/httpdocs/2017/include/client/header.inc.php on line 126
[27-Dec-2017 19:57:39 UTC] PHP Warning:  file_get_contents(osta/css/themes/subtitle.txt): failed to open stream: No such file or directory in /var/www/vhosts/osticketawesome.com/httpdocs/2017/include/client/header.inc.php on line 132
[27-Dec-2017 19:58:20 UTC] PHP Warning:  readfile(osta/css/themes/selected.txt): failed to open stream: No such file or directory in /var/www/vhosts/osticketawesome.com/httpdocs/2017/osta/inc/client-head.html on line 12
[27-Dec-2017 19:58:20 UTC] PHP Warning:  file_get_contents(osta/css/themes/title.txt): failed to open stream: No such file or directory in /var/www/vhosts/osticketawesome.com/httpdocs/2017/include/client/header.inc.php on line 126
[27-Dec-2017 19:58:20 UTC] PHP Warning:  file_get_contents(osta/css/themes/subtitle.txt): failed to open stream: No such file or directory in /var/www/vhosts/osticketawesome.com/httpdocs/2017/include/client/header.inc.php on line 132
[27-Dec-2017 20:10:30 UTC] PHP Warning:  readfile(osta/css/themes/selected.txt): failed to open stream: No such file or directory in /var/www/vhosts/osticketawesome.com/httpdocs/2017/osta/inc/client-head.html on line 12
[27-Dec-2017 20:10:30 UTC] PHP Warning:  file_get_contents(osta/css/themes/title.txt): failed to open stream: No such file or directory in /var/www/vhosts/osticketawesome.com/httpdocs/2017/include/client/header.inc.php on line 126
[27-Dec-2017 20:10:30 UTC] PHP Warning:  file_get_contents(osta/css/themes/subtitle.txt): failed to open stream: No such file or directory in /var/www/vhosts/osticketawesome.com/httpdocs/2017/include/client/header.inc.php on line 132
[27-Dec-2017 20:10:40 UTC] PHP Warning:  readfile(osta/css/themes/selected.txt): failed to open stream: No such file or directory in /var/www/vhosts/osticketawesome.com/httpdocs/2017/osta/inc/client-head.html on line 12
[27-Dec-2017 20:10:40 UTC] PHP Warning:  file_get_contents(osta/css/themes/title.txt): failed to open stream: No such file or directory in /var/www/vhosts/osticketawesome.com/httpdocs/2017/include/client/header.inc.php on line 126
[27-Dec-2017 20:10:40 UTC] PHP Warning:  file_get_contents(osta/css/themes/subtitle.txt): failed to open stream: No such file or directory in /var/www/vhosts/osticketawesome.com/httpdocs/2017/include/client/header.inc.php on line 132
[27-Dec-2017 20:10:48 UTC] PHP Warning:  readfile(osta/css/themes/selected.txt):  in /var/www/vhosts/osticketawesome.com/httpdocs/2017/osta/inc/client-head.html on line 12
[27-Dec-2017 20:10:48 UTC] PHP Warning:  file_get_contents(osta/css/themes/title.txt):  in /var/www/vhosts/osticketawesome.com/httpdocs/2017/include/client/header.inc.php on line 126
[27-Dec-2017 20:10:48 UTC] PHP Warning:  file_get_contents(osta/css/themes/subtitle.txt):  in /var/www/vhosts/osticketawesome.com/httpdocs/2017/include/client/header.inc.php on line 132
[27-Dec-2017 20:11:01 UTC] PHP Warning:  readfile(osta/css/themes/selected.txt): failed to open stream: No such file or directory in /var/www/vhosts/osticketawesome.com/httpdocs/2017/osta/inc/client-head.html on line 12
[27-Dec-2017 20:11:01 UTC] PHP Warning:  file_get_contents(osta/css/themes/title.txt): failed to open stream: No such file or directory in /var/www/vhosts/osticketawesome.com/httpdocs/2017/include/client/header.inc.php on line 126
[27-Dec-2017 20:11:01 UTC] PHP Warning:  file_get_contents(osta/css/themes/subtitle.txt): failed to open stream: No such file or directory in /var/www/vhosts/osticketawesome.com/httpdocs/2017/include/client/header.inc.php on line 132
[27-Dec-2017 20:12:31 UTC] PHP Warning:  readfile(osta/css/themes/selected.txt): failed to open stream: No such file or directory in /var/www/vhosts/osticketawesome.com/httpdocs/2017/osta/inc/client-head.html on line 12
[27-Dec-2017 20:12:31 UTC] PHP Warning:  file_get_contents(osta/css/themes/title.txt): failed to open stream: No such file or directory in /var/www/vhosts/osticketawesome.com/httpdocs/2017/include/client/header.inc.php on line 126
[27-Dec-2017 20:12:31 UTC] PHP Warning:  file_get_contents(osta/css/themes/subtitle.txt): failed to open stream: No such file or directory in /var/www/vhosts/osticketawesome.com/httpdocs/2017/include/client/header.inc.php on line 132
[27-Dec-2017 20:16:18 UTC] PHP Warning:  readfile(osta/css/themes/selected.txt): failed to open stream: No such file or directory in /var/www/vhosts/osticketawesome.com/httpdocs/2017/osta/inc/client-head.html on line 12
[27-Dec-2017 20:16:18 UTC] PHP Warning:  file_get_contents(osta/css/themes/title.txt): failed to open stream: No such file or directory in /var/www/vhosts/osticketawesome.com/httpdocs/2017/include/client/header.inc.php on line 126
[27-Dec-2017 20:16:18 UTC] PHP Warning:  file_get_contents(osta/css/themes/subtitle.txt): failed to open stream: No such file or directory in /var/www/vhosts/osticketawesome.com/httpdocs/2017/include/client/header.inc.php on line 132
[27-Dec-2017 20:23:57 UTC] PHP Warning:  readfile(osta/css/themes/selected.txt): failed to open stream: No such file or directory in /var/www/vhosts/osticketawesome.com/httpdocs/2017/osta/inc/client-head.html on line 12
[27-Dec-2017 20:23:57 UTC] PHP Warning:  file_get_contents(osta/css/themes/title.txt): failed to open stream: No such file or directory in /var/www/vhosts/osticketawesome.com/httpdocs/2017/include/client/header.inc.php on line 126
[27-Dec-2017 20:23:57 UTC] PHP Warning:  file_get_contents(osta/css/themes/subtitle.txt): failed to open stream: No such file or directory in /var/www/vhosts/osticketawesome.com/httpdocs/2017/include/client/header.inc.php on line 132
[27-Dec-2017 20:25:43 UTC] PHP Warning:  readfile(osta/css/themes/selected.txt): failed to open stream: No such file or directory in /var/www/vhosts/osticketawesome.com/httpdocs/2017/osta/inc/client-head.html on line 12
[27-Dec-2017 20:25:43 UTC] PHP Warning:  file_get_contents(osta/css/themes/title.txt): failed to open stream: No such file or directory in /var/www/vhosts/osticketawesome.com/httpdocs/2017/include/client/header.inc.php on line 126
[27-Dec-2017 20:25:43 UTC] PHP Warning:  file_get_contents(osta/css/themes/subtitle.txt): failed to open stream: No such file or directory in /var/www/vhosts/osticketawesome.com/httpdocs/2017/include/client/header.inc.php on line 132
[27-Dec-2017 20:27:15 UTC] PHP Warning:  readfile(osta/css/themes/selected.txt): failed to open stream: No such file or directory in /var/www/vhosts/osticketawesome.com/httpdocs/2017/osta/inc/client-head.html on line 12
[27-Dec-2017 20:27:15 UTC] PHP Warning:  file_get_contents(osta/css/themes/title.txt): failed to open stream: No such file or directory in /var/www/vhosts/osticketawesome.com/httpdocs/2017/include/client/header.inc.php on line 126
[27-Dec-2017 20:27:15 UTC] PHP Warning:  file_get_contents(osta/css/themes/subtitle.txt): failed to open stream: No such file or directory in /var/www/vhosts/osticketawesome.com/httpdocs/2017/include/client/header.inc.php on line 132
[27-Dec-2017 20:27:47 UTC] PHP Warning:  readfile(osta/css/themes/selected.txt): failed to open stream: No such file or directory in /var/www/vhosts/osticketawesome.com/httpdocs/2017/osta/inc/client-head.html on line 12
[27-Dec-2017 20:27:47 UTC] PHP Warning:  file_get_contents(osta/css/themes/title.txt): failed to open stream: No such file or directory in /var/www/vhosts/osticketawesome.com/httpdocs/2017/include/client/header.inc.php on line 126
[27-Dec-2017 20:27:47 UTC] PHP Warning:  file_get_contents(osta/css/themes/subtitle.txt): failed to open stream: No such file or directory in /var/www/vhosts/osticketawesome.com/httpdocs/2017/include/client/header.inc.php on line 132
[27-Dec-2017 20:28:54 UTC] PHP Warning:  readfile(osta/css/themes/selected.txt): failed to open stream: No such file or directory in /var/www/vhosts/osticketawesome.com/httpdocs/2017/osta/inc/client-head.html on line 12
[27-Dec-2017 20:28:54 UTC] PHP Warning:  file_get_contents(osta/css/themes/title.txt): failed to open stream: No such file or directory in /var/www/vhosts/osticketawesome.com/httpdocs/2017/include/client/header.inc.php on line 126
[27-Dec-2017 20:28:54 UTC] PHP Warning:  file_get_contents(osta/css/themes/subtitle.txt): failed to open stream: No such file or directory in /var/www/vhosts/osticketawesome.com/httpdocs/2017/include/client/header.inc.php on line 132
[27-Dec-2017 20:29:52 UTC] PHP Warning:  readfile(osta/css/themes/selected.txt): failed to open stream: No such file or directory in /var/www/vhosts/osticketawesome.com/httpdocs/2017/osta/inc/client-head.html on line 12
[27-Dec-2017 20:29:52 UTC] PHP Warning:  file_get_contents(osta/css/themes/title.txt): failed to open stream: No such file or directory in /var/www/vhosts/osticketawesome.com/httpdocs/2017/include/client/header.inc.php on line 126
[27-Dec-2017 20:29:52 UTC] PHP Warning:  file_get_contents(osta/css/themes/subtitle.txt): failed to open stream: No such file or directory in /var/www/vhosts/osticketawesome.com/httpdocs/2017/include/client/header.inc.php on line 132
[27-Dec-2017 20:30:10 UTC] PHP Warning:  readfile(osta/css/themes/selected.txt): failed to open stream: No such file or directory in /var/www/vhosts/osticketawesome.com/httpdocs/2017/osta/inc/client-head.html on line 12
[27-Dec-2017 20:30:10 UTC] PHP Warning:  file_get_contents(osta/css/themes/title.txt): failed to open stream: No such file or directory in /var/www/vhosts/osticketawesome.com/httpdocs/2017/include/client/header.inc.php on line 126
[27-Dec-2017 20:30:10 UTC] PHP Warning:  file_get_contents(osta/css/themes/subtitle.txt): failed to open stream: No such file or directory in /var/www/vhosts/osticketawesome.com/httpdocs/2017/include/client/header.inc.php on line 132
[27-Dec-2017 20:31:41 UTC] PHP Warning:  readfile(osta/css/themes/selected.txt): failed to open stream: No such file or directory in /var/www/vhosts/osticketawesome.com/httpdocs/2017/osta/inc/client-head.html on line 12
[27-Dec-2017 20:31:41 UTC] PHP Warning:  file_get_contents(osta/css/themes/title.txt): failed to open stream: No such file or directory in /var/www/vhosts/osticketawesome.com/httpdocs/2017/include/client/header.inc.php on line 126
[27-Dec-2017 20:31:41 UTC] PHP Warning:  file_get_contents(osta/css/themes/subtitle.txt): failed to open stream: No such file or directory in /var/www/vhosts/osticketawesome.com/httpdocs/2017/include/client/header.inc.php on line 132
[27-Dec-2017 20:33:09 UTC] PHP Warning:  readfile(osta/css/themes/selected.txt): failed to open stream: No such file or directory in /var/www/vhosts/osticketawesome.com/httpdocs/2017/osta/inc/client-head.html on line 12
[27-Dec-2017 20:33:09 UTC] PHP Warning:  file_get_contents(osta/css/themes/title.txt): failed to open stream: No such file or directory in /var/www/vhosts/osticketawesome.com/httpdocs/2017/include/client/header.inc.php on line 126
[27-Dec-2017 20:33:09 UTC] PHP Warning:  file_get_contents(osta/css/themes/subtitle.txt): failed to open stream: No such file or directory in /var/www/vhosts/osticketawesome.com/httpdocs/2017/include/client/header.inc.php on line 132
[27-Dec-2017 20:49:16 UTC] PHP Warning:  readfile(osta/css/themes/selected.txt): failed to open stream: No such file or directory in /var/www/vhosts/osticketawesome.com/httpdocs/2017/osta/inc/client-head.html on line 12
[27-Dec-2017 20:49:16 UTC] PHP Warning:  file_get_contents(osta/css/themes/title.txt): failed to open stream: No such file or directory in /var/www/vhosts/osticketawesome.com/httpdocs/2017/include/client/header.inc.php on line 126
[27-Dec-2017 20:49:16 UTC] PHP Warning:  file_get_contents(osta/css/themes/subtitle.txt): failed to open stream: No such file or directory in /var/www/vhosts/osticketawesome.com/httpdocs/2017/include/client/header.inc.php on line 132
[27-Dec-2017 20:49:51 UTC] PHP Warning:  readfile(osta/css/themes/selected.txt): failed to open stream: No such file or directory in /var/www/vhosts/osticketawesome.com/httpdocs/2017/osta/inc/client-head.html on line 12
[27-Dec-2017 20:49:51 UTC] PHP Warning:  file_get_contents(osta/css/themes/title.txt): failed to open stream: No such file or directory in /var/www/vhosts/osticketawesome.com/httpdocs/2017/include/client/header.inc.php on line 126
[27-Dec-2017 20:49:51 UTC] PHP Warning:  file_get_contents(osta/css/themes/subtitle.txt): failed to open stream: No such file or directory in /var/www/vhosts/osticketawesome.com/httpdocs/2017/include/client/header.inc.php on line 132
[27-Dec-2017 20:51:21 UTC] PHP Warning:  readfile(osta/css/themes/selected.txt): failed to open stream: No such file or directory in /var/www/vhosts/osticketawesome.com/httpdocs/2017/osta/inc/client-head.html on line 12
[27-Dec-2017 20:51:21 UTC] PHP Warning:  file_get_contents(osta/css/themes/title.txt): failed to open stream: No such file or directory in /var/www/vhosts/osticketawesome.com/httpdocs/2017/include/client/header.inc.php on line 126
[27-Dec-2017 20:51:21 UTC] PHP Warning:  file_get_contents(osta/css/themes/subtitle.txt): failed to open stream: No such file or directory in /var/www/vhosts/osticketawesome.com/httpdocs/2017/include/client/header.inc.php on line 132
[27-Dec-2017 20:51:27 UTC] PHP Warning:  readfile(osta/css/themes/selected.txt): failed to open stream: No such file or directory in /var/www/vhosts/osticketawesome.com/httpdocs/2017/osta/inc/client-head.html on line 12
[27-Dec-2017 20:51:27 UTC] PHP Warning:  file_get_contents(osta/css/themes/title.txt): failed to open stream: No such file or directory in /var/www/vhosts/osticketawesome.com/httpdocs/2017/include/client/header.inc.php on line 126
[27-Dec-2017 20:51:27 UTC] PHP Warning:  file_get_contents(osta/css/themes/subtitle.txt): failed to open stream: No such file or directory in /var/www/vhosts/osticketawesome.com/httpdocs/2017/include/client/header.inc.php on line 132
[27-Dec-2017 20:59:47 UTC] PHP Warning:  readfile(osta/css/themes/selected.txt): failed to open stream: No such file or directory in /var/www/vhosts/osticketawesome.com/httpdocs/2017/osta/inc/client-head.html on line 12
[27-Dec-2017 20:59:47 UTC] PHP Warning:  file_get_contents(osta/css/themes/title.txt): failed to open stream: No such file or directory in /var/www/vhosts/osticketawesome.com/httpdocs/2017/include/client/header.inc.php on line 126
[27-Dec-2017 20:59:47 UTC] PHP Warning:  file_get_contents(osta/css/themes/subtitle.txt): failed to open stream: No such file or directory in /var/www/vhosts/osticketawesome.com/httpdocs/2017/include/client/header.inc.php on line 132
[27-Dec-2017 20:59:47 UTC] PHP Fatal error:  Call to a member function getNavLinks() on a non-object in /var/www/vhosts/osticketawesome.com/httpdocs/2017/include/client/header.inc.php on line 226
[27-Dec-2017 20:59:52 UTC] PHP Warning:  readfile(osta/css/themes/selected.txt): failed to open stream: No such file or directory in /var/www/vhosts/osticketawesome.com/httpdocs/2017/osta/inc/client-head.html on line 12
[27-Dec-2017 20:59:52 UTC] PHP Warning:  file_get_contents(osta/css/themes/title.txt): failed to open stream: No such file or directory in /var/www/vhosts/osticketawesome.com/httpdocs/2017/include/client/header.inc.php on line 126
[27-Dec-2017 20:59:52 UTC] PHP Warning:  file_get_contents(osta/css/themes/subtitle.txt): failed to open stream: No such file or directory in /var/www/vhosts/osticketawesome.com/httpdocs/2017/include/client/header.inc.php on line 132
[27-Dec-2017 20:59:52 UTC] PHP Fatal error:  Call to a member function getNavLinks() on a non-object in /var/www/vhosts/osticketawesome.com/httpdocs/2017/include/client/header.inc.php on line 226
[27-Dec-2017 21:00:57 UTC] PHP Warning:  readfile(osta/css/themes/selected.txt): failed to open stream: No such file or directory in /var/www/vhosts/osticketawesome.com/httpdocs/2017/osta/inc/client-head.html on line 12
[27-Dec-2017 21:00:57 UTC] PHP Warning:  file_get_contents(osta/css/themes/title.txt): failed to open stream: No such file or directory in /var/www/vhosts/osticketawesome.com/httpdocs/2017/include/client/header.inc.php on line 126
[27-Dec-2017 21:00:57 UTC] PHP Warning:  file_get_contents(osta/css/themes/subtitle.txt): failed to open stream: No such file or directory in /var/www/vhosts/osticketawesome.com/httpdocs/2017/include/client/header.inc.php on line 132
[27-Dec-2017 21:00:57 UTC] PHP Fatal error:  Call to a member function getNavLinks() on a non-object in /var/www/vhosts/osticketawesome.com/httpdocs/2017/include/client/header.inc.php on line 226
[27-Dec-2017 21:01:19 UTC] PHP Warning:  readfile(osta/css/themes/selected.txt): failed to open stream: No such file or directory in /var/www/vhosts/osticketawesome.com/httpdocs/2017/osta/inc/client-head.html on line 12
[27-Dec-2017 21:01:19 UTC] PHP Warning:  file_get_contents(osta/css/themes/title.txt): failed to open stream: No such file or directory in /var/www/vhosts/osticketawesome.com/httpdocs/2017/include/client/header.inc.php on line 126
[27-Dec-2017 21:01:19 UTC] PHP Warning:  file_get_contents(osta/css/themes/subtitle.txt): failed to open stream: No such file or directory in /var/www/vhosts/osticketawesome.com/httpdocs/2017/include/client/header.inc.php on line 132
[27-Dec-2017 21:01:19 UTC] PHP Fatal error:  Call to a member function getNavLinks() on a non-object in /var/www/vhosts/osticketawesome.com/httpdocs/2017/include/client/header.inc.php on line 227
[27-Dec-2017 21:01:37 UTC] PHP Warning:  readfile(osta/css/themes/selected.txt): failed to open stream: No such file or directory in /var/www/vhosts/osticketawesome.com/httpdocs/2017/osta/inc/client-head.html on line 12
[27-Dec-2017 21:01:37 UTC] PHP Warning:  file_get_contents(osta/css/themes/title.txt): failed to open stream: No such file or directory in /var/www/vhosts/osticketawesome.com/httpdocs/2017/include/client/header.inc.php on line 126
[27-Dec-2017 21:01:37 UTC] PHP Warning:  file_get_contents(osta/css/themes/subtitle.txt): failed to open stream: No such file or directory in /var/www/vhosts/osticketawesome.com/httpdocs/2017/include/client/header.inc.php on line 132
[27-Dec-2017 21:02:04 UTC] PHP Warning:  readfile(osta/css/themes/selected.txt): failed to open stream: No such file or directory in /var/www/vhosts/osticketawesome.com/httpdocs/2017/osta/inc/client-head.html on line 12
[27-Dec-2017 21:02:04 UTC] PHP Warning:  file_get_contents(osta/css/themes/title.txt): failed to open stream: No such file or directory in /var/www/vhosts/osticketawesome.com/httpdocs/2017/include/client/header.inc.php on line 126
[27-Dec-2017 21:02:04 UTC] PHP Warning:  file_get_contents(osta/css/themes/subtitle.txt): failed to open stream: No such file or directory in /var/www/vhosts/osticketawesome.com/httpdocs/2017/include/client/header.inc.php on line 132
[27-Dec-2017 21:02:04 UTC] PHP Fatal error:  Call to a member function getNavLinks() on a non-object in /var/www/vhosts/osticketawesome.com/httpdocs/2017/include/client/header.inc.php on line 226
[27-Dec-2017 21:02:29 UTC] PHP Parse error:  syntax error, unexpected end of file in /var/www/vhosts/osticketawesome.com/httpdocs/2017/include/client/header.inc.php on line 298
[27-Dec-2017 21:02:48 UTC] PHP Warning:  readfile(osta/css/themes/selected.txt): failed to open stream: No such file or directory in /var/www/vhosts/osticketawesome.com/httpdocs/2017/osta/inc/client-head.html on line 12
[27-Dec-2017 21:02:48 UTC] PHP Warning:  file_get_contents(osta/css/themes/title.txt): failed to open stream: No such file or directory in /var/www/vhosts/osticketawesome.com/httpdocs/2017/include/client/header.inc.php on line 126
[27-Dec-2017 21:02:48 UTC] PHP Warning:  file_get_contents(osta/css/themes/subtitle.txt): failed to open stream: No such file or directory in /var/www/vhosts/osticketawesome.com/httpdocs/2017/include/client/header.inc.php on line 132
[27-Dec-2017 21:02:48 UTC] PHP Fatal error:  Call to a member function getNavLinks() on a non-object in /var/www/vhosts/osticketawesome.com/httpdocs/2017/include/client/header.inc.php on line 226
[27-Dec-2017 21:03:04 UTC] PHP Warning:  readfile(osta/css/themes/selected.txt): failed to open stream: No such file or directory in /var/www/vhosts/osticketawesome.com/httpdocs/2017/osta/inc/client-head.html on line 12
[27-Dec-2017 21:03:04 UTC] PHP Warning:  file_get_contents(osta/css/themes/title.txt): failed to open stream: No such file or directory in /var/www/vhosts/osticketawesome.com/httpdocs/2017/include/client/header.inc.php on line 126
[27-Dec-2017 21:03:04 UTC] PHP Warning:  file_get_contents(osta/css/themes/subtitle.txt): failed to open stream: No such file or directory in /var/www/vhosts/osticketawesome.com/httpdocs/2017/include/client/header.inc.php on line 132
[27-Dec-2017 21:03:04 UTC] PHP Fatal error:  Call to a member function getNavLinks() on a non-object in /var/www/vhosts/osticketawesome.com/httpdocs/2017/include/client/header.inc.php on line 227
[27-Dec-2017 21:03:38 UTC] PHP Warning:  readfile(osta/css/themes/selected.txt): failed to open stream: No such file or directory in /var/www/vhosts/osticketawesome.com/httpdocs/2017/osta/inc/client-head.html on line 12
[27-Dec-2017 21:03:38 UTC] PHP Warning:  file_get_contents(osta/css/themes/title.txt): failed to open stream: No such file or directory in /var/www/vhosts/osticketawesome.com/httpdocs/2017/include/client/header.inc.php on line 126
[27-Dec-2017 21:03:38 UTC] PHP Warning:  file_get_contents(osta/css/themes/subtitle.txt): failed to open stream: No such file or directory in /var/www/vhosts/osticketawesome.com/httpdocs/2017/include/client/header.inc.php on line 132
[27-Dec-2017 21:05:18 UTC] PHP Parse error:  syntax error, unexpected end of file in /var/www/vhosts/osticketawesome.com/httpdocs/2017/include/client/header.inc.php on line 300
[27-Dec-2017 21:05:20 UTC] PHP Parse error:  syntax error, unexpected end of file in /var/www/vhosts/osticketawesome.com/httpdocs/2017/include/client/header.inc.php on line 300
[27-Dec-2017 21:05:33 UTC] PHP Warning:  readfile(osta/css/themes/selected.txt): failed to open stream: No such file or directory in /var/www/vhosts/osticketawesome.com/httpdocs/2017/osta/inc/client-head.html on line 12
[27-Dec-2017 21:05:33 UTC] PHP Warning:  file_get_contents(osta/css/themes/title.txt): failed to open stream: No such file or directory in /var/www/vhosts/osticketawesome.com/httpdocs/2017/include/client/header.inc.php on line 126
[27-Dec-2017 21:05:33 UTC] PHP Warning:  file_get_contents(osta/css/themes/subtitle.txt): failed to open stream: No such file or directory in /var/www/vhosts/osticketawesome.com/httpdocs/2017/include/client/header.inc.php on line 132
[27-Dec-2017 21:05:33 UTC] PHP Fatal error:  Call to a member function getNavLinks() on a non-object in /var/www/vhosts/osticketawesome.com/httpdocs/2017/include/client/header.inc.php on line 226
[27-Dec-2017 21:06:58 UTC] PHP Warning:  readfile(osta/css/themes/selected.txt): failed to open stream: No such file or directory in /var/www/vhosts/osticketawesome.com/httpdocs/2017/osta/inc/client-head.html on line 12
[27-Dec-2017 21:06:58 UTC] PHP Warning:  file_get_contents(osta/css/themes/title.txt): failed to open stream: No such file or directory in /var/www/vhosts/osticketawesome.com/httpdocs/2017/include/client/header.inc.php on line 126
[27-Dec-2017 21:06:58 UTC] PHP Warning:  file_get_contents(osta/css/themes/subtitle.txt): failed to open stream: No such file or directory in /var/www/vhosts/osticketawesome.com/httpdocs/2017/include/client/header.inc.php on line 132
[27-Dec-2017 21:06:58 UTC] PHP Fatal error:  Call to a member function getNavLinks() on a non-object in /var/www/vhosts/osticketawesome.com/httpdocs/2017/include/client/header.inc.php on line 226
[27-Dec-2017 21:07:14 UTC] PHP Warning:  readfile(osta/css/themes/selected.txt): failed to open stream: No such file or directory in /var/www/vhosts/osticketawesome.com/httpdocs/2017/osta/inc/client-head.html on line 12
[27-Dec-2017 21:07:14 UTC] PHP Warning:  file_get_contents(osta/css/themes/title.txt): failed to open stream: No such file or directory in /var/www/vhosts/osticketawesome.com/httpdocs/2017/include/client/header.inc.php on line 126
[27-Dec-2017 21:07:14 UTC] PHP Warning:  file_get_contents(osta/css/themes/subtitle.txt): failed to open stream: No such file or directory in /var/www/vhosts/osticketawesome.com/httpdocs/2017/include/client/header.inc.php on line 132
[27-Dec-2017 21:07:14 UTC] PHP Fatal error:  Call to a member function getNavLinks() on a non-object in /var/www/vhosts/osticketawesome.com/httpdocs/2017/include/client/header.inc.php on line 226
[27-Dec-2017 21:10:18 UTC] PHP Warning:  readfile(osta/css/themes/selected.txt): failed to open stream: No such file or directory in /var/www/vhosts/osticketawesome.com/httpdocs/2017/osta/inc/client-head.html on line 12
[27-Dec-2017 21:10:18 UTC] PHP Warning:  file_get_contents(osta/css/themes/title.txt): failed to open stream: No such file or directory in /var/www/vhosts/osticketawesome.com/httpdocs/2017/include/client/header.inc.php on line 126
[27-Dec-2017 21:10:18 UTC] PHP Warning:  file_get_contents(osta/css/themes/subtitle.txt): failed to open stream: No such file or directory in /var/www/vhosts/osticketawesome.com/httpdocs/2017/include/client/header.inc.php on line 132
[27-Dec-2017 21:12:39 UTC] PHP Parse error:  syntax error, unexpected end of file in /var/www/vhosts/osticketawesome.com/httpdocs/2017/include/client/header.inc.php on line 303
[27-Dec-2017 21:12:44 UTC] PHP Parse error:  syntax error, unexpected end of file in /var/www/vhosts/osticketawesome.com/httpdocs/2017/include/client/header.inc.php on line 303
[27-Dec-2017 21:13:03 UTC] PHP Parse error:  syntax error, unexpected end of file in /var/www/vhosts/osticketawesome.com/httpdocs/2017/include/client/header.inc.php on line 303
[27-Dec-2017 21:13:38 UTC] PHP Parse error:  syntax error, unexpected end of file in /var/www/vhosts/osticketawesome.com/httpdocs/2017/include/client/header.inc.php on line 303
[27-Dec-2017 21:13:42 UTC] PHP Parse error:  syntax error, unexpected end of file in /var/www/vhosts/osticketawesome.com/httpdocs/2017/include/client/header.inc.php on line 303
[27-Dec-2017 21:14:10 UTC] PHP Parse error:  syntax error, unexpected end of file in /var/www/vhosts/osticketawesome.com/httpdocs/2017/include/client/header.inc.php on line 303
[27-Dec-2017 21:14:13 UTC] PHP Parse error:  syntax error, unexpected end of file in /var/www/vhosts/osticketawesome.com/httpdocs/2017/include/client/header.inc.php on line 303
[27-Dec-2017 21:20:38 UTC] PHP Parse error:  syntax error, unexpected end of file in /var/www/vhosts/osticketawesome.com/httpdocs/2017/include/client/header.inc.php on line 303
[27-Dec-2017 21:21:00 UTC] PHP Parse error:  syntax error, unexpected end of file in /var/www/vhosts/osticketawesome.com/httpdocs/2017/include/client/header.inc.php on line 304
[27-Dec-2017 21:21:05 UTC] PHP Parse error:  syntax error, unexpected end of file in /var/www/vhosts/osticketawesome.com/httpdocs/2017/include/client/header.inc.php on line 304
[27-Dec-2017 21:21:48 UTC] PHP Parse error:  syntax error, unexpected end of file in /var/www/vhosts/osticketawesome.com/httpdocs/2017/include/client/header.inc.php on line 304
[27-Dec-2017 21:21:50 UTC] PHP Parse error:  syntax error, unexpected end of file in /var/www/vhosts/osticketawesome.com/httpdocs/2017/include/client/header.inc.php on line 304
[27-Dec-2017 21:22:22 UTC] PHP Warning:  readfile(osta/css/themes/selected.txt): failed to open stream: No such file or directory in /var/www/vhosts/osticketawesome.com/httpdocs/2017/osta/inc/client-head.html on line 12
[27-Dec-2017 21:22:22 UTC] PHP Warning:  file_get_contents(osta/css/themes/title.txt): failed to open stream: No such file or directory in /var/www/vhosts/osticketawesome.com/httpdocs/2017/include/client/header.inc.php on line 126
[27-Dec-2017 21:22:22 UTC] PHP Warning:  file_get_contents(osta/css/themes/subtitle.txt): failed to open stream: No such file or directory in /var/www/vhosts/osticketawesome.com/httpdocs/2017/include/client/header.inc.php on line 132
[27-Dec-2017 21:22:41 UTC] PHP Warning:  readfile(osta/css/themes/selected.txt): failed to open stream: No such file or directory in /var/www/vhosts/osticketawesome.com/httpdocs/2017/osta/inc/client-head.html on line 12
[27-Dec-2017 21:22:41 UTC] PHP Warning:  file_get_contents(osta/css/themes/title.txt): failed to open stream: No such file or directory in /var/www/vhosts/osticketawesome.com/httpdocs/2017/include/client/header.inc.php on line 126
[27-Dec-2017 21:22:41 UTC] PHP Warning:  file_get_contents(osta/css/themes/subtitle.txt): failed to open stream: No such file or directory in /var/www/vhosts/osticketawesome.com/httpdocs/2017/include/client/header.inc.php on line 132
[27-Dec-2017 21:26:13 UTC] PHP Warning:  readfile(osta/css/themes/selected.txt): failed to open stream: No such file or directory in /var/www/vhosts/osticketawesome.com/httpdocs/2017/osta/inc/client-head.html on line 12
[27-Dec-2017 21:26:13 UTC] PHP Warning:  file_get_contents(osta/css/themes/title.txt): failed to open stream: No such file or directory in /var/www/vhosts/osticketawesome.com/httpdocs/2017/include/client/header.inc.php on line 126
[27-Dec-2017 21:26:13 UTC] PHP Warning:  file_get_contents(osta/css/themes/subtitle.txt): failed to open stream: No such file or directory in /var/www/vhosts/osticketawesome.com/httpdocs/2017/include/client/header.inc.php on line 132
[27-Dec-2017 21:26:53 UTC] PHP Warning:  readfile(osta/css/themes/selected.txt): failed to open stream: No such file or directory in /var/www/vhosts/osticketawesome.com/httpdocs/2017/osta/inc/client-head.html on line 12
[27-Dec-2017 21:26:53 UTC] PHP Warning:  file_get_contents(osta/css/themes/title.txt): failed to open stream: No such file or directory in /var/www/vhosts/osticketawesome.com/httpdocs/2017/include/client/header.inc.php on line 126
[27-Dec-2017 21:26:53 UTC] PHP Warning:  file_get_contents(osta/css/themes/subtitle.txt): failed to open stream: No such file or directory in /var/www/vhosts/osticketawesome.com/httpdocs/2017/include/client/header.inc.php on line 132
[27-Dec-2017 21:28:06 UTC] PHP Warning:  readfile(osta/css/themes/selected.txt): failed to open stream: No such file or directory in /var/www/vhosts/osticketawesome.com/httpdocs/2017/osta/inc/client-head.html on line 12
[27-Dec-2017 21:28:06 UTC] PHP Warning:  file_get_contents(osta/css/themes/title.txt): failed to open stream: No such file or directory in /var/www/vhosts/osticketawesome.com/httpdocs/2017/include/client/header.inc.php on line 126
[27-Dec-2017 21:28:06 UTC] PHP Warning:  file_get_contents(osta/css/themes/subtitle.txt): failed to open stream: No such file or directory in /var/www/vhosts/osticketawesome.com/httpdocs/2017/include/client/header.inc.php on line 132
[27-Dec-2017 21:28:40 UTC] PHP Warning:  readfile(osta/css/themes/selected.txt): failed to open stream: No such file or directory in /var/www/vhosts/osticketawesome.com/httpdocs/2017/osta/inc/client-head.html on line 12
[27-Dec-2017 21:28:40 UTC] PHP Warning:  file_get_contents(osta/css/themes/title.txt): failed to open stream: No such file or directory in /var/www/vhosts/osticketawesome.com/httpdocs/2017/include/client/header.inc.php on line 126
[27-Dec-2017 21:28:40 UTC] PHP Warning:  file_get_contents(osta/css/themes/subtitle.txt): failed to open stream: No such file or directory in /var/www/vhosts/osticketawesome.com/httpdocs/2017/include/client/header.inc.php on line 132
[27-Dec-2017 21:32:27 UTC] PHP Warning:  readfile(osta/css/themes/selected.txt): failed to open stream: No such file or directory in /var/www/vhosts/osticketawesome.com/httpdocs/2017/osta/inc/client-head.html on line 12
[27-Dec-2017 21:32:27 UTC] PHP Warning:  file_get_contents(osta/css/themes/title.txt): failed to open stream: No such file or directory in /var/www/vhosts/osticketawesome.com/httpdocs/2017/include/client/header.inc.php on line 126
[27-Dec-2017 21:32:27 UTC] PHP Warning:  file_get_contents(osta/css/themes/subtitle.txt): failed to open stream: No such file or directory in /var/www/vhosts/osticketawesome.com/httpdocs/2017/include/client/header.inc.php on line 132
[27-Dec-2017 21:32:38 UTC] PHP Warning:  readfile(osta/css/themes/selected.txt): failed to open stream: No such file or directory in /var/www/vhosts/osticketawesome.com/httpdocs/2017/osta/inc/client-head.html on line 12
[27-Dec-2017 21:32:38 UTC] PHP Warning:  file_get_contents(osta/css/themes/title.txt): failed to open stream: No such file or directory in /var/www/vhosts/osticketawesome.com/httpdocs/2017/include/client/header.inc.php on line 126
[27-Dec-2017 21:32:38 UTC] PHP Warning:  file_get_contents(osta/css/themes/subtitle.txt): failed to open stream: No such file or directory in /var/www/vhosts/osticketawesome.com/httpdocs/2017/include/client/header.inc.php on line 132
[27-Dec-2017 21:32:50 UTC] PHP Warning:  readfile(osta/css/themes/selected.txt): failed to open stream: No such file or directory in /var/www/vhosts/osticketawesome.com/httpdocs/2017/osta/inc/client-head.html on line 12
[27-Dec-2017 21:32:50 UTC] PHP Warning:  file_get_contents(osta/css/themes/title.txt): failed to open stream: No such file or directory in /var/www/vhosts/osticketawesome.com/httpdocs/2017/include/client/header.inc.php on line 126
[27-Dec-2017 21:32:50 UTC] PHP Warning:  file_get_contents(osta/css/themes/subtitle.txt): failed to open stream: No such file or directory in /var/www/vhosts/osticketawesome.com/httpdocs/2017/include/client/header.inc.php on line 132
[27-Dec-2017 21:41:14 UTC] PHP Warning:  readfile(osta/css/themes/selected.txt): failed to open stream: No such file or directory in /var/www/vhosts/osticketawesome.com/httpdocs/2017/osta/inc/client-head.html on line 12
[27-Dec-2017 21:41:14 UTC] PHP Warning:  file_get_contents(osta/css/themes/title.txt): failed to open stream: No such file or directory in /var/www/vhosts/osticketawesome.com/httpdocs/2017/include/client/header.inc.php on line 126
[27-Dec-2017 21:41:14 UTC] PHP Warning:  file_get_contents(osta/css/themes/subtitle.txt): failed to open stream: No such file or directory in /var/www/vhosts/osticketawesome.com/httpdocs/2017/include/client/header.inc.php on line 132
[27-Dec-2017 21:41:21 UTC] PHP Warning:  readfile(osta/css/themes/selected.txt): failed to open stream: No such file or directory in /var/www/vhosts/osticketawesome.com/httpdocs/2017/osta/inc/client-head.html on line 12
[27-Dec-2017 21:41:21 UTC] PHP Warning:  file_get_contents(osta/css/themes/title.txt): failed to open stream: No such file or directory in /var/www/vhosts/osticketawesome.com/httpdocs/2017/include/client/header.inc.php on line 126
[27-Dec-2017 21:41:21 UTC] PHP Warning:  file_get_contents(osta/css/themes/subtitle.txt): failed to open stream: No such file or directory in /var/www/vhosts/osticketawesome.com/httpdocs/2017/include/client/header.inc.php on line 132
[27-Dec-2017 21:41:29 UTC] PHP Warning:  readfile(osta/css/themes/selected.txt):  in /var/www/vhosts/osticketawesome.com/httpdocs/2017/osta/inc/client-head.html on line 12
[27-Dec-2017 21:41:29 UTC] PHP Warning:  file_get_contents(osta/css/themes/title.txt):  in /var/www/vhosts/osticketawesome.com/httpdocs/2017/include/client/header.inc.php on line 126
[27-Dec-2017 21:41:29 UTC] PHP Warning:  file_get_contents(osta/css/themes/subtitle.txt):  in /var/www/vhosts/osticketawesome.com/httpdocs/2017/include/client/header.inc.php on line 132
[27-Dec-2017 21:42:56 UTC] PHP Warning:  readfile(osta/css/themes/selected.txt):  in /var/www/vhosts/osticketawesome.com/httpdocs/2017/osta/inc/client-head.html on line 12
[27-Dec-2017 21:42:56 UTC] PHP Warning:  file_get_contents(osta/css/themes/title.txt):  in /var/www/vhosts/osticketawesome.com/httpdocs/2017/include/client/header.inc.php on line 126
[27-Dec-2017 21:42:56 UTC] PHP Warning:  file_get_contents(osta/css/themes/subtitle.txt):  in /var/www/vhosts/osticketawesome.com/httpdocs/2017/include/client/header.inc.php on line 132
[27-Dec-2017 21:45:30 UTC] PHP Warning:  readfile(osta/css/themes/selected.txt):  in /var/www/vhosts/osticketawesome.com/httpdocs/2017/osta/inc/client-head.html on line 12
[27-Dec-2017 21:45:30 UTC] PHP Warning:  file_get_contents(osta/css/themes/title.txt):  in /var/www/vhosts/osticketawesome.com/httpdocs/2017/include/client/header.inc.php on line 126
[27-Dec-2017 21:45:30 UTC] PHP Warning:  file_get_contents(osta/css/themes/subtitle.txt):  in /var/www/vhosts/osticketawesome.com/httpdocs/2017/include/client/header.inc.php on line 132
[27-Dec-2017 21:46:27 UTC] PHP Warning:  readfile(osta/css/themes/selected.txt):  in /var/www/vhosts/osticketawesome.com/httpdocs/2017/osta/inc/client-head.html on line 12
[27-Dec-2017 21:46:27 UTC] PHP Warning:  file_get_contents(osta/css/themes/title.txt):  in /var/www/vhosts/osticketawesome.com/httpdocs/2017/include/client/header.inc.php on line 126
[27-Dec-2017 21:46:27 UTC] PHP Warning:  file_get_contents(osta/css/themes/subtitle.txt):  in /var/www/vhosts/osticketawesome.com/httpdocs/2017/include/client/header.inc.php on line 132
[27-Dec-2017 21:49:57 UTC] PHP Warning:  readfile(osta/css/themes/selected.txt):  in /var/www/vhosts/osticketawesome.com/httpdocs/2017/osta/inc/client-head.html on line 12
[27-Dec-2017 21:49:57 UTC] PHP Warning:  file_get_contents(osta/css/themes/title.txt):  in /var/www/vhosts/osticketawesome.com/httpdocs/2017/include/client/header.inc.php on line 126
[27-Dec-2017 21:49:57 UTC] PHP Warning:  file_get_contents(osta/css/themes/subtitle.txt):  in /var/www/vhosts/osticketawesome.com/httpdocs/2017/include/client/header.inc.php on line 132
[27-Dec-2017 21:51:51 UTC] PHP Warning:  readfile(osta/css/themes/selected.txt):  in /var/www/vhosts/osticketawesome.com/httpdocs/2017/osta/inc/client-head.html on line 12
[27-Dec-2017 21:51:51 UTC] PHP Warning:  file_get_contents(osta/css/themes/title.txt):  in /var/www/vhosts/osticketawesome.com/httpdocs/2017/include/client/header.inc.php on line 126
[27-Dec-2017 21:51:51 UTC] PHP Warning:  file_get_contents(osta/css/themes/subtitle.txt):  in /var/www/vhosts/osticketawesome.com/httpdocs/2017/include/client/header.inc.php on line 132
[27-Dec-2017 22:43:34 UTC] PHP Warning:  readfile(osta/css/themes/selected.txt): failed to open stream: No such file or directory in /var/www/vhosts/osticketawesome.com/httpdocs/2017/osta/inc/client-head.html on line 12
[27-Dec-2017 22:43:34 UTC] PHP Warning:  file_get_contents(osta/css/themes/title.txt): failed to open stream: No such file or directory in /var/www/vhosts/osticketawesome.com/httpdocs/2017/include/client/header.inc.php on line 126
[27-Dec-2017 22:43:34 UTC] PHP Warning:  file_get_contents(osta/css/themes/subtitle.txt): failed to open stream: No such file or directory in /var/www/vhosts/osticketawesome.com/httpdocs/2017/include/client/header.inc.php on line 132
[27-Dec-2017 22:43:49 UTC] PHP Warning:  readfile(osta/css/themes/selected.txt): failed to open stream: No such file or directory in /var/www/vhosts/osticketawesome.com/httpdocs/2017/osta/inc/client-head.html on line 12
[27-Dec-2017 22:43:49 UTC] PHP Warning:  file_get_contents(osta/css/themes/title.txt): failed to open stream: No such file or directory in /var/www/vhosts/osticketawesome.com/httpdocs/2017/include/client/header.inc.php on line 126
[27-Dec-2017 22:43:49 UTC] PHP Warning:  file_get_contents(osta/css/themes/subtitle.txt): failed to open stream: No such file or directory in /var/www/vhosts/osticketawesome.com/httpdocs/2017/include/client/header.inc.php on line 132
[27-Dec-2017 23:09:47 UTC] PHP Warning:  readfile(osta/css/themes/selected.txt): failed to open stream: No such file or directory in /var/www/vhosts/osticketawesome.com/httpdocs/2017/osta/inc/client-head.html on line 12
[27-Dec-2017 23:09:47 UTC] PHP Warning:  file_get_contents(osta/css/themes/title.txt): failed to open stream: No such file or directory in /var/www/vhosts/osticketawesome.com/httpdocs/2017/include/client/header.inc.php on line 126
[27-Dec-2017 23:09:47 UTC] PHP Warning:  file_get_contents(osta/css/themes/subtitle.txt): failed to open stream: No such file or directory in /var/www/vhosts/osticketawesome.com/httpdocs/2017/include/client/header.inc.php on line 132
[27-Dec-2017 23:11:06 UTC] PHP Warning:  readfile(osta/css/themes/selected.txt): failed to open stream: No such file or directory in /var/www/vhosts/osticketawesome.com/httpdocs/2017/osta/inc/client-head.html on line 12
[27-Dec-2017 23:11:06 UTC] PHP Warning:  file_get_contents(osta/css/themes/title.txt): failed to open stream: No such file or directory in /var/www/vhosts/osticketawesome.com/httpdocs/2017/include/client/header.inc.php on line 126
[27-Dec-2017 23:11:06 UTC] PHP Warning:  file_get_contents(osta/css/themes/subtitle.txt): failed to open stream: No such file or directory in /var/www/vhosts/osticketawesome.com/httpdocs/2017/include/client/header.inc.php on line 132
[27-Dec-2017 23:20:20 UTC] PHP Warning:  readfile(osta/css/themes/selected.txt): failed to open stream: No such file or directory in /var/www/vhosts/osticketawesome.com/httpdocs/2017/osta/inc/client-head.html on line 12
[27-Dec-2017 23:20:20 UTC] PHP Warning:  file_get_contents(osta/css/themes/title.txt): failed to open stream: No such file or directory in /var/www/vhosts/osticketawesome.com/httpdocs/2017/include/client/header.inc.php on line 126
[27-Dec-2017 23:20:20 UTC] PHP Warning:  file_get_contents(osta/css/themes/subtitle.txt): failed to open stream: No such file or directory in /var/www/vhosts/osticketawesome.com/httpdocs/2017/include/client/header.inc.php on line 132
[27-Dec-2017 23:28:10 UTC] PHP Warning:  readfile(osta/css/themes/selected.txt): failed to open stream: No such file or directory in /var/www/vhosts/osticketawesome.com/httpdocs/2017/osta/inc/client-head.html on line 12
[27-Dec-2017 23:28:10 UTC] PHP Warning:  file_get_contents(osta/css/themes/title.txt): failed to open stream: No such file or directory in /var/www/vhosts/osticketawesome.com/httpdocs/2017/include/client/header.inc.php on line 126
[27-Dec-2017 23:28:10 UTC] PHP Warning:  file_get_contents(osta/css/themes/subtitle.txt): failed to open stream: No such file or directory in /var/www/vhosts/osticketawesome.com/httpdocs/2017/include/client/header.inc.php on line 132
[27-Dec-2017 23:30:13 UTC] PHP Warning:  readfile(osta/css/themes/selected.txt): failed to open stream: No such file or directory in /var/www/vhosts/osticketawesome.com/httpdocs/2017/osta/inc/client-head.html on line 12
[27-Dec-2017 23:30:13 UTC] PHP Warning:  file_get_contents(osta/css/themes/title.txt): failed to open stream: No such file or directory in /var/www/vhosts/osticketawesome.com/httpdocs/2017/include/client/header.inc.php on line 126
[27-Dec-2017 23:30:13 UTC] PHP Warning:  file_get_contents(osta/css/themes/subtitle.txt): failed to open stream: No such file or directory in /var/www/vhosts/osticketawesome.com/httpdocs/2017/include/client/header.inc.php on line 132
[27-Dec-2017 23:32:23 UTC] PHP Warning:  readfile(osta/css/themes/selected.txt): failed to open stream: No such file or directory in /var/www/vhosts/osticketawesome.com/httpdocs/2017/osta/inc/client-head.html on line 12
[27-Dec-2017 23:32:23 UTC] PHP Warning:  file_get_contents(osta/css/themes/title.txt): failed to open stream: No such file or directory in /var/www/vhosts/osticketawesome.com/httpdocs/2017/include/client/header.inc.php on line 126
[27-Dec-2017 23:32:23 UTC] PHP Warning:  file_get_contents(osta/css/themes/subtitle.txt): failed to open stream: No such file or directory in /var/www/vhosts/osticketawesome.com/httpdocs/2017/include/client/header.inc.php on line 132
[27-Dec-2017 23:32:30 UTC] PHP Warning:  readfile(osta/css/themes/selected.txt): failed to open stream: No such file or directory in /var/www/vhosts/osticketawesome.com/httpdocs/2017/osta/inc/client-head.html on line 12
[27-Dec-2017 23:32:30 UTC] PHP Warning:  file_get_contents(osta/css/themes/title.txt): failed to open stream: No such file or directory in /var/www/vhosts/osticketawesome.com/httpdocs/2017/include/client/header.inc.php on line 126
[27-Dec-2017 23:32:30 UTC] PHP Warning:  file_get_contents(osta/css/themes/subtitle.txt): failed to open stream: No such file or directory in /var/www/vhosts/osticketawesome.com/httpdocs/2017/include/client/header.inc.php on line 132
[27-Dec-2017 23:32:50 UTC] PHP Warning:  readfile(osta/css/themes/selected.txt): failed to open stream: No such file or directory in /var/www/vhosts/osticketawesome.com/httpdocs/2017/osta/inc/client-head.html on line 12
[27-Dec-2017 23:32:50 UTC] PHP Warning:  file_get_contents(osta/css/themes/title.txt): failed to open stream: No such file or directory in /var/www/vhosts/osticketawesome.com/httpdocs/2017/include/client/header.inc.php on line 126
[27-Dec-2017 23:32:50 UTC] PHP Warning:  file_get_contents(osta/css/themes/subtitle.txt): failed to open stream: No such file or directory in /var/www/vhosts/osticketawesome.com/httpdocs/2017/include/client/header.inc.php on line 132
[27-Dec-2017 23:34:29 UTC] PHP Warning:  readfile(osta/css/themes/selected.txt): failed to open stream: No such file or directory in /var/www/vhosts/osticketawesome.com/httpdocs/2017/osta/inc/client-head.html on line 12
[27-Dec-2017 23:34:29 UTC] PHP Warning:  file_get_contents(osta/css/themes/title.txt): failed to open stream: No such file or directory in /var/www/vhosts/osticketawesome.com/httpdocs/2017/include/client/header.inc.php on line 126
[27-Dec-2017 23:34:29 UTC] PHP Warning:  file_get_contents(osta/css/themes/subtitle.txt): failed to open stream: No such file or directory in /var/www/vhosts/osticketawesome.com/httpdocs/2017/include/client/header.inc.php on line 132
[28-Dec-2017 00:38:31 UTC] PHP Warning:  readfile(osta/css/themes/selected.txt): failed to open stream: No such file or directory in /var/www/vhosts/osticketawesome.com/httpdocs/2017/osta/inc/client-head.html on line 12
[28-Dec-2017 00:38:31 UTC] PHP Warning:  file_get_contents(osta/css/themes/title.txt): failed to open stream: No such file or directory in /var/www/vhosts/osticketawesome.com/httpdocs/2017/include/client/header.inc.php on line 126
[28-Dec-2017 00:38:31 UTC] PHP Warning:  file_get_contents(osta/css/themes/subtitle.txt): failed to open stream: No such file or directory in /var/www/vhosts/osticketawesome.com/httpdocs/2017/include/client/header.inc.php on line 132
[28-Dec-2017 01:59:16 UTC] PHP Warning:  readfile(osta/css/themes/selected.txt): failed to open stream: No such file or directory in /var/www/vhosts/osticketawesome.com/httpdocs/2017/osta/inc/client-head.html on line 12
[28-Dec-2017 01:59:16 UTC] PHP Warning:  file_get_contents(osta/css/themes/title.txt): failed to open stream: No such file or directory in /var/www/vhosts/osticketawesome.com/httpdocs/2017/include/client/header.inc.php on line 126
[28-Dec-2017 01:59:16 UTC] PHP Warning:  file_get_contents(osta/css/themes/subtitle.txt): failed to open stream: No such file or directory in /var/www/vhosts/osticketawesome.com/httpdocs/2017/include/client/header.inc.php on line 132
[28-Dec-2017 07:28:36 UTC] PHP Warning:  readfile(osta/css/themes/selected.txt): failed to open stream: No such file or directory in /var/www/vhosts/osticketawesome.com/httpdocs/2017/osta/inc/client-head.html on line 12
[28-Dec-2017 07:28:36 UTC] PHP Warning:  file_get_contents(osta/css/themes/title.txt): failed to open stream: No such file or directory in /var/www/vhosts/osticketawesome.com/httpdocs/2017/include/client/header.inc.php on line 126
[28-Dec-2017 07:28:42 UTC] PHP Warning:  readfile(osta/css/themes/selected.txt): failed to open stream: No such file or directory in /var/www/vhosts/osticketawesome.com/httpdocs/2017/osta/inc/client-head.html on line 12
[28-Dec-2017 07:28:42 UTC] PHP Warning:  file_get_contents(osta/css/themes/title.txt): failed to open stream: No such file or directory in /var/www/vhosts/osticketawesome.com/httpdocs/2017/include/client/header.inc.php on line 126
[28-Dec-2017 07:28:45 UTC] PHP Warning:  readfile(osta/css/themes/selected.txt): failed to open stream: No such file or directory in /var/www/vhosts/osticketawesome.com/httpdocs/2017/osta/inc/client-head.html on line 12
[28-Dec-2017 07:28:45 UTC] PHP Warning:  file_get_contents(osta/css/themes/title.txt): failed to open stream: No such file or directory in /var/www/vhosts/osticketawesome.com/httpdocs/2017/include/client/header.inc.php on line 126
[28-Dec-2017 07:29:19 UTC] PHP Warning:  readfile(osta/css/themes/selected.txt): failed to open stream: No such file or directory in /var/www/vhosts/osticketawesome.com/httpdocs/2017/osta/inc/client-head.html on line 12
[28-Dec-2017 07:30:43 UTC] PHP Warning:  readfile(osta/css/themes/selected.txt): failed to open stream: No such file or directory in /var/www/vhosts/osticketawesome.com/httpdocs/2017/osta/inc/client-head.html on line 12
[28-Dec-2017 15:52:54 UTC] PHP Warning:  readfile(osta/css/themes/selected.txt): failed to open stream: No such file or directory in /var/www/vhosts/osticketawesome.com/httpdocs/2017/osta/inc/client-head.html on line 12
[31-Dec-2017 22:59:48 UTC] PHP Warning:  readfile(osta/css/themes/selected.txt): failed to open stream: No such file or directory in /var/www/vhosts/osticketawesome.com/httpdocs/2017/osta/inc/client-head.html on line 12
[31-Dec-2017 22:59:56 UTC] PHP Warning:  readfile(osta/css/themes/selected.txt): failed to open stream: No such file or directory in /var/www/vhosts/osticketawesome.com/httpdocs/2017/osta/inc/client-head.html on line 12
[01-Jan-2018 18:37:30 UTC] PHP Warning:  readfile(osta/css/themes/selected.txt): failed to open stream: No such file or directory in /var/www/vhosts/osticketawesome.com/httpdocs/2017/osta/inc/client-head.html on line 12
